INFO        2024-12-13 03:29:19.193871 EST  update_presence : Updated the bot's presINFO        2024-12-13 03:47:56.547361 EST  play            : Memory (nearmapxd#0)
INFO        2024-12-13 05:00:48.757230 EST  refresh_dm_game : Refreshing Tictactoe...
INFO        2024-12-13 05:00:49.476969 EST  update_game     : Tictactoe waiting 21599 seconds...
INFO        2024-12-13 05:08:49.259218 EST  play            : TicTacToe (youngbcy8#0)
INFO        2024-12-13 05:14:33.303974 EST  play            : TicTacToe (xental_#0)
INFO        2024-12-13 05:16:05.453087 EST  play_wordle     : Wordle 'PIVOT' (xental_#0)
INFO        2024-12-13 05:16:43.609784 EST  play            : Memory (xental_#0)
INFO        2024-12-13 05:30:49.543127 EST  play            : TicTacToe (cake2004#0)
INFO        2024-12-13 05:40:47.960186 EST  play            : TicTacToe (nearmapxd#0)
INFO        2024-12-13 06:55:20.794960 EST  play            : TicTacToe (demarkess#0)
INFO        2024-12-13 07:39:45.499383 EST  play            : TicTacToe (elite_bomb90#0)
INFO        2024-12-13 08:24:50.833465 EST  play_wordle     : Wordle 'CHAIN' (nearmapxd#0)
INFO        2024-12-13 08:27:32.508033 EST  play            : TicTacToe (harleeboy#0)
INFO        2024-12-13 08:31:00.868288 EST  play            : TicTacToe (1ndividualism#0)
INFO        2024-12-13 09:03:41.418360 EST  play_wordle     : Wordle 'ASSAY' (harleeboy#0)
INFO        2024-12-13 09:04:32.755055 EST  play            : Memory (harleeboy#0)
INFO        2024-12-13 10:00:48.816217 EST  refresh_dm_game : Refreshing Wordle...
INFO        2024-12-13 10:00:49.443154 EST  update_game     : Wordle waiting 43199 seconds...
INFO        2024-12-13 10:34:38.836117 EST  refresh_dm_game : Refreshing Memory...
INFO        2024-12-13 10:34:39.483999 EST  update_game     : Memory waiting 43199 seconds...
INFO        2024-12-13 10:36:43.809988 EST  play            : TicTacToe (smokica#0)
INFO        2024-12-13 10:47:35.410925 EST  play            : TicTacToe (gokaln#0)
INFO        2024-12-13 10:47:52.370975 EST  play            : Memory (gokaln#0)
INFO        2024-12-13 10:49:42.000480 EST  play_wordle     : Wordle 'LOUSE' (gokaln#0)
INFO        2024-12-13 10:51:37.948374 EST  play            : Memory (elite_bomb90#0)
INFO        2024-12-13 11:00:48.477901 EST  refresh_dm_game : Refreshing Tictactoe...
INFO        2024-12-13 11:00:49.292932 EST  update_game     : Tictactoe waiting 21599 seconds...
INFO        2024-12-13 11:00:59.647277 EST  play            : TicTacToe (gokaln#0)
INFO        2024-12-13 11:01:17.659185 EST  play            : TicTacToe (harleeboy#0)
INFO        2024-12-13 11:05:02.170032 EST  play            : TicTacToe (xental_#0)
INFO        2024-12-13 12:06:26.619293 EST  play            : TicTacToe (3sec1#0)
INFO        2024-12-ERROR       2024-12-14 13:20:51.260437 EST  check_level_up  : Check Level-up Error: 403 Forbidden (error code: 50007): Cannot send messages to this user
ERROR       2024-12-15 16:14:47.294815 EST  check_level_up  : Check Level-up Error: 403 Forbidden (error code: 50007): Cannot send messages to this user
H' (xental_#0)
INFO        2024-12-13 13:34:23.657664 EST  play            : Memory (xental_#0)
INFO        2024-12-13 13:42:04.672531 EST  play            : Memory (cake2004#0)
INFO        2024-12-13 13:42:06.198580 EST  play            : TicTacToe (cake2004#0)
INFO        2024-12-13 13:42:07.575939 EST  play_wordle     : Wordle 'TITAN' (cake2004#0)
INFO        2024-12-13 13:48:18.753790 EST  play            : TicTacToe (smokica#0)
INFO        2024-12-13 16:22:17.416949 EST  play_wordle     : Wordle 'SIGMA' (nearmapxd#0)
INFO        2024-12-13 17:00:48.294898 EST  refresh_dm_game : Refreshing Tictactoe...
INFO        2024-12-13 17:00:48.961370 EST  update_game     : Tictactoe waiting 21600 seconds...
INFO        2024-12-13 17:00:55.231062 EST  play            : TicTacToe (gokaln#0)
INFO        2024-12-13 17:00:59.062203 EST  play            : TicTacToe (cake2004#0)
INFO        2024-12-13 17:01:23.068533 EST  play            : TicTacToe (xental_#0)
INFO        2024-12-13 17:12:16.040914 EST  play            : TicTacToe (harleeboy#0)
INFO        2024-12-13 17:53:50.997138 EST  play            : TicTacToe (youngbcy8#0)
INFO        2024-12-13 18:23:06.045277 EST  play            : TicTacToe (lilrolls123#0)
INFO        2024-12-13 18:23:38.444584 EST  play_wordle     : Wordle 'GOURD' (lilrolls123#0)
INFO        2024-12-13 18:24:38.628234 EST  play            : Memory (lilrolls123#0)
INFO        2024-12-13 21:27:57.021391 EST  play_wordle     : Wordle 'GOURD' (youngbcy8#0)
INFO        2024-12-13 21:29:45.820415 EST  play            : Memory (youngbcy8#0)
INFO        2024-12-13 22:00:48.445795 EST  refresh_dm_game : Refreshing Wordle...
INFO        2024-12-13 22:00:49.236853 EST  update_game     : Wordle waiting 43199 seconds...
INFO        2024-12-13 22:05:06.511860 EST  play_wordle     : Wordle 'REFIT' (youngbcy8#0)
INFO        2024-12-13 22:23:22.411286 EST  play_wordle     : Wordle 'BEACH' (gokaln#0)
INFO        2024-12-13 22:34:38.486006 EST  refresh_dm_game : Refreshing Memory...
INFO        2024-12-13 22:34:39.153186 EST  update_game     : Memory waiting 43199 seconds...
INFO        2024-12-13 22:34:56.889081 EST  play            : Memory (youngbcy8#0)
INFO        2024-12-13 22:34:57.008664 EST  play            : Memory (gokaln#0)
INFO        2024-12-13 22:52:12.378654 EST  play            : TicTacToe (elite_bomb90#0)
INFO        2024-12-13 22:52:30.855302 EST  play            : Memory (elite_bomb90#0)
INFO        2024-12-13 23:00:48.963021 EST  refresh_dm_game : Refreshing Tictactoe...
INFO        2024-12-13 23:00:49.647524 EST  update_game     : Tictactoe waiting 21599 seconds...
INFO        2024-12-13 23:14:27.083036 EST  play            : TicTacToe (lilrolls123#0)
INFO        2024-12-13 23:15:06.701623 EST  play            : Memory (lilrolls123#0)
INFO        2024-12-13 23:16:06.183543 EST  play_wordle     : Wordle 'STUNK' (lilrolls123#0)
INFO        2024-12-13 23:19:42.047289 EST  play            : TicTacToe (gokaln#0)
INFO        2024-12-14 00:38:30.937622 EST  play            : Memory (cake2004#0)
INFO        2024-12-14 00:38:33.734778 EST  play            : TicTacToe (cake2004#0)
INFO        2024-12-14 00:38:36.231039 EST  play_wordle     : Wordle 'BLOND' (cake2004#0)
INFO        2024-12-14 02:43:37.710898 EST  play            : TicTacToe (3sec1#0)
INFO        2024-12-14 02:43:40.164419 EST  play_wordle     : Wordle 'SEPIA' (3sec1#0)
INFO        2024-12-14 02:44:13.675412 EST  play            : TicTacToe (nearmapxd#0)
INFO        2024-12-14 03:24:51.708085 EST  play            : TicTacToe (youngbcy8#0)
INFO        2024-12-14 04:19:45.502678 EST  play            : TicTacToe (harleeboy#0)
INFO        2024-12-14 05:00:48.648367 EST  refresh_dm_game : Refreshing Tictactoe...
INFO        2024-12-14 05:00:49.210720 EST  update_game     : Tictactoe waiting 21599 seconds...
INFO        2024-12-14 05:02:56.898308 EST  play            : TicTacToe (nearmapxd#0)
INFO        2024-12-14 05:17:25.888038 EST  play            : TicTacToe (xental_#0)
INFO        2024-12-14 05:19:17.650882 EST  play            : TicTacToe (1ndividualism#0)
INFO        2024-12-14 05:44:12.161355 EST  play_wordle     : Wordle 'ASSET' (nearmapxd#0)
INFO        2024-12-14 05:47:36.910528 EST  play            : Memory (nearmapxd#0)
INFO        2024-12-14 06:04:00.682538 EST  play            : TicTacToe (youngbcy8#0)
INFO        2024-12-14 06:17:02.872476 EST  play            : TicTacToe (harleeboy#0)
INFO        2024-12-14 06:20:17.896560 EST  play            : TicTacToe (gokaln#0)
INFO        2024-12-14 08:38:20.795360 EST  play            : TicTacToe (lilrolls123#0)
INFO        2024-12-14 08:47:32.169451 EST  play            : Memory (1ndividualism#0)
INFO        2024-12-14 08:50:13.674963 EST  play_wordle     : Wordle 'CRAVE' (1ndividualism#0)
INFO        2024-12-14 10:00:48.238578 EST  refresh_dm_game : Refreshing Wordle...
INFO        2024-12-14 10:00:49.064403 EST  update_game     : Wordle waiting 43199 seconds...
INFO        2024-12-14 10:15:30.952786 EST  play_wordle     : Wordle 'STARE' (xental_#0)
INFO        2024-12-14 10:16:43.158770 EST  play            : Memory (xental_#0)
INFO        2024-12-14 10:21:33.948402 EST  play_wordle     : Wordle 'PERKY' (lilrolls123#0)
INFO        2024-12-14 10:34:38.155899 EST  refresh_dm_game : Refreshing Memory...
INFO        2024-12-14 10:34:38.787836 EST  update_game     : Memory waiting 43200 seconds...
INFO        2024-12-14 10:38:49.786279 EST  play            : Memory (gokaln#0)
INFO        2024-12-14 10:41:05.791782 EST  play_wordle     : Wordle 'SMALL' (gokaln#0)
INFO        2024-12-14 11:00:48.212358 EST  refresh_dm_game : Refreshing Tictactoe...
INFO        2024-12-14 11:00:48.924515 EST  update_game     : Tictactoe waiting 21600 seconds...
INFO        2024-12-14 11:04:30.844643 EST  play            : TicTacToe (xental_#0)
INFO        2024-12-14 11:19:03.604040 EST  play            : TicTacToe (desktopmist2089#0)
INFO        2024-12-14 11:19:55.795075 EST  play            : TicTacToe (1ndividualism#0)
INFO        2024-12-14 11:28:02.559599 EST  play            : TicTacToe (gokaln#0)
INFO        2024-12-14 11:34:45.230876 EST  play            : TicTacToe (lilrolls123#0)
INFO        2024-12-14 11:38:07.173016 EST  play            : TicTacToe (elite_bomb90#0)
INFO        2024-12-14 11:47:37.312371 EST  play            : TicTacToe (nearmapxd#0)
INFO        2024-12-14 13:30:23.625712 EST  play_wordle     : Wordle 'JOLLY' (nearmapxd#0)
INFO        2024-12-14 13:31:40.465974 EST  play            : Memory (nearmapxd#0)
INFO        2024-12-14 14:20:44.360942 EST  play            : TicTacToe (harleeboy#0)
INFO        2024-12-14 14:39:41.782082 EST  play            : Memory (elite_bomb90#0)
INFO        2024-12-14 15:04:16.290634 EST  play            : Memory (cake2004#0)
INFO        2024-12-14 15:04:18.971828 EST  play            : TicTacToe (cake2004#0)
INFO        2024-12-14 15:04:20.912478 EST  play_wordle     : Wordle 'PAPER' (cake2004#0)
INFO        2024-12-14 15:18:19.292080 EST  play            : TicTacToe (youngbcy8#0)
INFO        2024-12-14 15:18:40.984071 EST  play_wordle     : Wordle 'HERON' (youngbcy8#0)
INFO        2024-12-14 15:20:36.032236 EST  play            : Memory (youngbcy8#0)
INFO        2024-12-14 17:00:48.926381 EST  refresh_dm_game : Refreshing Tictactoe...
INFO        2024-12-14 17:00:50.433676 EST  update_game     : Tictactoe waiting 21598 seconds...
INFO        2024-12-14 17:09:03.017905 EST  play            : TicTacToe (youngbcy8#0)
INFO        2024-12-14 17:20:35.266220 EST  play            : TicTacToe (harleeboy#0)
INFO        2024-12-14 18:07:42.766283 EST  play            : TicTacToe (cake2004#0)
INFO        2024-12-14 19:06:42.620695 EST  play            : TicTacToe (gokaln#0)
INFO        2024-12-14 20:02:05.594936 EST  play_wordle     : Wordle 'LIMBO' (harleeboy#0)
INFO        2024-12-14 20:03:05.828973 EST  play            : Memory (harleeboy#0)
INFO        2024-12-14 22:00:48.067345 EST  refresh_dm_game : Refreshing Wordle...
INFO        2024-12-14 22:00:48.700277 EST  update_game     : Wordle waiting 43200 seconds...
INFO        2024-12-14 22:14:21.963601 EST  play_wordle     : Wordle 'SLUMP' (gokaln#0)
INFO        2024-12-14 22:30:48.293732 EST  play            : TicTacToe (elite_bomb90#0)
INFO        2024-12-14 22:34:38.789616 EST  refresh_dm_game : Refreshing Memory...
INFO        2024-12-14 22:34:39.586449 EST  update_game     : Memory waiting 43199 seconds...
INFO        2024-12-14 22:41:47.635310 EST  play_wordle     : Wordle 'NANNY' (youngbcy8#0)
INFO        2024-12-14 22:42:33.125947 EST  play            : Memory (gokaln#0)
INFO        2024-12-14 23:00:48.436515 EST  refresh_dm_game : Refreshing Tictactoe...
INFO        2024-12-14 23:00:50.365762 EST  update_game     : Tictactoe waiting 21598 seconds...
INFO        2024-12-14 23:09:50.737638 EST  play            : TicTacToe (youngbcy8#0)
INFO        2024-12-14 23:16:03.983072 EST  play            : TicTacToe (gokaln#0)
INFO        2024-12-15 00:06:20.923467 EST  play            : TicTacToe (smokica#0)
INFO        2024-12-15 01:49:21.111331 EST  play            : TicTacToe (3sec1#0)
INFO        2024-12-15 01:49:23.395692 EST  play_wordle     : Wordle 'HARSH' (3sec1#0)
INFO        2024-12-15 01:50:01.824495 EST  play            : Memory (3sec1#0)
INFO        2024-12-15 02:49:09.835825 EST  play            : TicTacToe (nearmapxd#0)
INFO        2024-12-15 02:56:48.644449 EST  play_wordle     : Wordle 'UNDID' (nearmapxd#0)
INFO        2024-12-15 04:56:21.501747 EST  play            : Memory (nearmapxd#0)
INFO        2024-12-15 05:00:48.367565 EST  refresh_dm_game : Refreshing Tictactoe...
INFO        2024-12-15 05:00:49.037817 EST  update_game     : Tictactoe waiting 21599 seconds...
INFO        2024-12-15 05:01:44.270198 EST  play            : TicTacToe (nearmapxd#0)
INFO        2024-12-15 05:47:38.974619 EST  play            : TicTacToe (3sec1#0)
INFO        2024-12-15 05:59:28.350822 EST  play            : TicTacToe (xental_#0)
INFO        2024-12-15 05:59:51.060719 EST  play_wordle     : Wordle 'SALAD' (xental_#0)
INFO        2024-12-15 06:00:52.316269 EST  play            : Memory (xental_#0)
INFO        2024-12-15 06:12:41.364826 EST  play            : TicTacToe (1ndividualism#0)
INFO        2024-12-15 06:13:05.074088 EST  play            : TicTacToe (harleeboy#0)
INFO        2024-12-15 07:45:28.442103 EST  play_wordle     : Wordle 'QUILT' (1ndividualism#0)
INFO        2024-12-15 09:24:01.274672 EST  play            : TicTacToe (youngbcy8#0)
INFO        2024-12-15 09:24:27.661613 EST  play            : Memory (youngbcy8#0)
INFO        2024-12-15 09:46:42.804066 EST  play_wordle     : Wordle 'CONDO' (harleeboy#0)
INFO        2024-12-15 09:47:16.545939 EST  play            : Memory (harleeboy#0)
INFO        2024-12-15 10:00:48.701103 EST  refresh_dm_game : Refreshing Wordle...
INFO        2024-12-15 10:00:49.503092 EST  update_game     : Wordle waiting 43199 seconds...
INFO        2024-12-15 10:08:06.211823 EST  play_wordle     : Wordle 'HANDY' (youngbcy8#0)
INFO        2024-12-15 10:34:38.587917 EST  refresh_dm_game : Refreshing Memory...
INFO        2024-12-15 10:34:39.207956 EST  update_game     : Memory waiting 43199 seconds...
INFO        2024-12-15 10:39:31.043018 EST  play            : Memory (xental_#0)
INFO        2024-12-15 11:00:48.039763 EST  refresh_dm_game : Refreshing Tictactoe...
INFO        2024-12-15 11:00:48.679666 EST  update_game     : Tictactoe waiting 21600 seconds...
INFO        2024-12-15 11:01:07.783329 EST  play            : TicTacToe (nearmapxd#0)
INFO        2024-12-15 11:02:32.957776 EST  play_wordle     : Wordle 'FUNKY' (xental_#0)
INFO        2024-12-15 11:04:50.210970 EST  play            : TicTacToe (xental_#0)
INFO        2024-12-15 11:33:32.232628 EST  play            : TicTacToe (gokaln#0)
INFO        2024-12-15 11:35:42.512449 EST  play            : Memory (gokaln#0)
INFO        2024-12-15 11:37:24.260004 EST  play            : TicTacToe (harleeboy#0)
INFO        2024-12-15 11:37:43.062846 EST  play_wordle     : Wordle 'SOBER' (gokaln#0)
INFO        2024-12-15 11:39:38.220148 EST  play            : TicTacToe (1ndividualism#0)
INFO        2024-12-15 12:13:01.674625 EST  play_wordle     : Wordle 'SPARE' (nearmapxd#0)
INFO        2024-12-15 12:16:23.447790 EST  play            : Memory (nearmapxd#0)
INFO        2024-12-15 12:22:54.143291 EST  play            : Memory (cake2004#0)
INFO        2024-12-15 12:22:56.484550 EST  play            : TicTacToe (cake2004#0)
INFO        2024-12-15 12:22:59.349525 EST  play_wordle     : Wordle 'CHOCK' (cake2004#0)
INFO        2024-12-15 13:10:10.121072 EST  play            : TicTacToe (youngbcy8#0)
INFO        2024-12-15 15:12:27.297949 EST  play            : TicTacToe (3sec1#0)
INFO        2024-12-15 15:12:31.971159 EST  play_wordle     : Wordle 'HYENA' (3sec1#0)
INFO        2024-12-15 17:00:48.681380 EST  refresh_dm_game : Refreshing Tictactoe...
INFO        2024-12-15 17:00:49.363933 EST  update_game     : Tictactoe waiting 21599 seconds...
INFO        2024-12-15 17:03:01.954995 EST  play            : TicTacToe (cake2004#0)
INFO        2024-12-15 17:12:22.045012 EST  play            : TicTacToe (harleeboy#0)
INFO        2024-12-15 17:12:42.127189 EST  play            : TicTacToe (lilrolls123#0)
INFO        2024-12-15 17:13:02.960974 EST  play_wordle     : Wordle 'CLASH' (lilrolls123#0)
INFO        2024-12-15 17:37:01.377435 EST  play_wordle     : Wordle 'FROND' (harleeboy#0)
INFO        2024-12-15 17:47:30.134575 EST  play            : TicTacToe (youngbcy8#0)
INFO        2024-12-15 18:18:01.903287 EST  play            : TicTacToe (elite_bomb90#0)
INFO        2024-12-15 18:18:29.088091 EST  play            : Memory (elite_bomb90#0)
INFO        2024-12-15 19:26:20.853369 EST  play            : Memory (lilrolls123#0)
INFO        2024-12-15 20:26:20.522704 EST  play            : Memory (youngbcy8#0)
INFO        2024-12-15 20:51:07.564450 EST  play            : TicTacToe (gokaln#0)
INFO        2024-12-15 22:00:48.504534 EST  refresh_dm_game : Refreshing Wordle...
INFO        2024-12-15 22:00:49.575805 EST  update_game     : Wordle waiting 43199 seconds...
INFO        2024-12-15 22:19:41.007286 EST  play_wordle     : Wordle 'DRONE' (youngbcy8#0)
INFO        2024-12-15 22:34:38.209166 EST  refresh_dm_game : Refreshing Memory...
INFO        2024-12-15 22:34:38.874640 EST  update_game     : Memory waiting 43200 seconds...
INFO        2024-12-15 22:39:27.975882 EST  play            : Memory (cake2004#0)
INFO        2024-12-15 22:39:31.224240 EST  play_wordle     : Wordle 'ELEGY' (cake2004#0)
INFO        2024-12-15 23:00:48.365121 EST  refresh_dm_game : Refreshing Tictactoe...
INFO        2024-12-15 23:00:48.964011 EST  update_game     : Tictactoe waiting 21600 seconds...
INFO        2024-12-15 23:07:03.866428 EST  play            : TicTacToe (youngbcy8#0)
INFO        2024-12-15 23:38:59.565957 EST  play            : TicTacToe (cake2004#0)
INFO        2024-12-16 00:35:07.937731 EST  play_wordle     : Wordle 'ROWER' (gokaln#0)
INFO        2024-12-16 00:43:58.433104 EST  play            : TicTacToe (gokaln#0)
INFO        2024-12-16 00:44:27.337004 EST  play            : Memory (gokaln#0)
INFO        2024-12-16 01:05:09.892629 EST  play            : TicTacToe (harleeboy#0)
INFO        2024-12-16 01:26:21.627261 EST  play            : TicTacToe (xental_#0)
INFO        2024-12-16 02:23:35.082897 EST  play            : TicTacToe (nearmapxd#0)
INFO        2024-12-16 02:24:19.008914 EST  play_wordle     : Wordle 'CEASE' (nearmapxd#0)
INFO        2024-12-16 02:27:15.426053 EST  play            : Memory (nearmapxd#0)
INFO        2024-12-16 02:47:26.901333 EST  play_wordle     : Wordle 'FINAL' (xental_#0)
INFO        2024-12-16 03:06:43.569157 EST  play            : Memory (youngbcy8#0)
INFO        2024-12-16 04:09:03.282373 EST  play            : Memory (xental_#0)
INFO        2024-12-16 05:00:48.965838 EST  refresh_dm_game : Refreshing Tictactoe...
INFO        2024-12-16 05:00:49.910536 EST  update_game     : Tictactoe waiting 21599 seconds...
INFO        2024-12-16 05:01:00.479301 EST  play            : TicTacToe (xental_#0)
INFO        2024-12-16 05:19:16.915656 EST  play_wordle     : Wordle 'THING' (3sec1#0)
INFO        2024-12-16 05:19:18.089590 EST  play            : TicTacToe (3sec1#0)
INFO        2024-12-16 05:20:00.292207 EST  play            : Memory (3sec1#0)
INFO        2024-12-16 06:24:22.401359 EST  play            : TicTacToe (gokaln#0)
INFO        2024-12-16 07:08:14.673784 EST  play            : TicTacToe (nearmapxd#0)
INFO        2024-12-16 07:19:01.025181 EST  play            : TicTacToe (lilrolls123#0)
INFO        2024-12-16 07:22:59.647795 EST  play            : TicTacToe (smokica#0)
INFO        2024-12-16 07:23:23.580767 EST  play_wordle     : Wordle 'CADIA' (smokica#0)
INFO        2024-12-16 07:26:19.265044 EST  play            : Memory (smokica#0)
INFO        2024-12-16 07:37:02.611802 EST  play            : Memory (elite_bomb90#0)
INFO        2024-12-16 07:51:10.813352 EST  play            : TicTacToe (cake2004#0)
INFO        2024-12-16 08:56:28.872763 EST  play            : TicTacToe (elite_bomb90#0)
INFO        2024-12-16 10:00:48.578538 EST  refresh_dm_game : Refreshing Wordle...
INFO        2024-12-16 10:00:49.662242 EST  update_game     : Wordle waiting 43199 seconds...
INFO        2024-12-16 10:34:38.875951 EST  refresh_dm_game : Refreshing Memory...
INFO        2024-12-16 10:34:39.575471 EST  update_game     : Memory waiting 43199 seconds...
INFO        2024-12-16 10:37:25.856177 EST  play            : Memory (cake2004#0)
INFO        2024-12-16 10:37:28.102248 EST  play_wordle     : Wordle 'CHUCK' (cake2004#0)
INFO        2024-12-16 10:50:37.512971 EST  play            : Memory (elite_bomb90#0)
INFO        2024-12-16 11:00:48.912621 EST  refresh_dm_game : Refreshing Tictactoe...
INFO        2024-12-16 11:00:49.532667 EST  update_game     : Tictactoe waiting 21599 seconds...
INFO        2024-12-16 11:15:00.533893 EST  play            : TicTacToe (xental_#0)
INFO        2024-12-16 11:42:11.224232 EST  play            : TicTacToe (harleeboy#0)
INFO        2024-12-16 12:22:20.661376 EST  play            : TicTacToe (youngbcy8#0)
INFO        2024-12-16 12:22:55.959349 EST  play_wordle     : Wordle 'CIVIL' (youngbcy8#0)
INFO        2024-12-16 12:26:03.438425 EST  play            : Memory (youngbcy8#0)
EST  game            : Unscramble 'portable bard' #𝖥𝖺𝖼𝗍𝗂𝗈𝗇𝗌-𝖢𝗁𝖺𝗍
INFO        2024-12-15 23:03:48.650556 EST  game            : Flag Guesser 'India' #𝖥𝖺𝖼𝗍𝗂𝗈𝗇𝗌-𝖢𝗁𝖺𝗍
INFO        2024-12-15 23:35:48.594748 EST  game            : Trivia 'What bounty did MeeZoid have on him during the first Partner vs Player Event?' | '2 Sunken Treasures' #𝖥𝖺𝖼𝗍𝗂𝗈𝗇𝗌-𝖢𝗁𝖺𝗍
INFO        2024-12-16 00:04:48.651257 EST  game            : Flag Guesser 'Nigeria' #𝖫𝗂𝖿𝖾𝗌𝗍𝖾𝖺𝗅-𝖢𝗁𝖺𝗍
INFO        2024-12-16 00:34:48.596634 EST  game            : Unscramble 'full hearted' #𝖪𝗂𝗍𝗆𝖺𝗉-𝖢𝗁𝖺𝗍
INFO        2024-12-16 01:04:48.595856 EST  game            : Trivia 'What is the armorset in which its ability spawns/attacks dagger swords to the enemy player?' | 'Diablo' #𝖥𝖺𝖼𝗍𝗂𝗈𝗇𝗌-𝖢𝗁𝖺𝗍
INFO        2024-12-16 01:29:48.663912 EST  game            : Flag Guesser 'Réunion' #𝖲𝗄𝗒𝖻𝗅𝗈𝖼𝗄-𝖢𝗁𝖺𝗍
INFO        2024-12-16 02:04:48.595207 EST  game            : Unscramble 'water balloon' #𝖪𝗂𝗍𝗆𝖺𝗉-𝖢𝗁𝖺𝗍
INFO        2024-12-16 02:35:48.595083 EST  game            : Trivia 'Who is the NPC you talk to at spawn for quests?' | 'Grandpa Frank' #𝖲𝗄𝗒𝖻𝗅𝗈𝖼𝗄-𝖢𝗁𝖺𝗍
INFO        2024-12-16 03:06:48.648773 EST  game            : Flag Guesser 'French Guiana' #𝖪𝗂𝗍𝗆𝖺𝗉-𝖢𝗁𝖺𝗍
INFO        2024-12-16 03:35:48.595286 EST  game            : Unscramble 'chronicle' #𝖪𝗂𝗍𝗆𝖺𝗉-𝖢𝗁𝖺𝗍
INFO        2024-12-16 04:04:48.597439 EST  game            : Math Quiz '19^8 =' | '16983563041' #𝖥𝖺𝖼𝗍𝗂𝗈𝗇𝗌-𝖢𝗁𝖺𝗍 | False
INFO        2024-12-16 04:33:48.598073 EST  game            : Math Quiz 'Volume of cube with a side length of 20m is' | '8000 m^3' #𝖥𝖺𝖼𝗍𝗂𝗈𝗇𝗌-𝖢𝗁𝖺𝗍 | True
INFO        2024-12-16 05:03:48.595157 EST  game            : Trivia 'What event involves you mining an obsidian block?' | 'DTC' #𝖪𝗂𝗍𝗆𝖺𝗉-𝖢𝗁𝖺𝗍
INFO        2024-12-16 05:36:48.649038 EST  game            : Flag Guesser 'Albania' #𝖥𝖺𝖼𝗍𝗂𝗈𝗇𝗌-𝖢𝗁𝖺𝗍
INFO        2024-12-16 06:09:48.647586 EST  game            : Flag Guesser 'Austria' #𝖪𝗂𝗍𝗆𝖺𝗉-𝖢𝗁𝖺𝗍
INFO        2024-12-16 06:37:48.594860 EST  game            : Unscramble 'glasses of travel' #𝖪𝗂𝗍𝗆𝖺𝗉-𝖢𝗁𝖺𝗍
INFO        2024-12-16 07:07:48.598698 EST  game            : Math Quiz 'Surface area of cube with side = 6m is' | '216 m^2' #𝖥𝖺𝖼𝗍𝗂𝗈𝗇𝗌-𝖢𝗁𝖺𝗍 | False
INFO        2024-12-16 07:40:48.597130 EST  game            : Math Quiz 'Volume of cube with a side length of 15m is' | '3375 m^3' #𝖲𝗄𝗒𝖻𝗅𝗈𝖼𝗄-𝖢𝗁𝖺𝗍 | True
INFO        2024-12-16 08:06:48.597328 EST  game            : Trivia 'What is the name of the first ever skin that was released on Skyblock?' | 'Toad Skin' #𝖲𝗄𝗒𝖻𝗅𝗈𝖼𝗄-𝖢𝗁𝖺𝗍
INFO        2024-12-16 08:37:48.594648 EST  game            : Trivia 'What was the faction size of the first factions season?' | '20' #𝖥𝖺𝖼𝗍𝗂𝗈𝗇𝗌-𝖢𝗁𝖺𝗍
INFO        2024-12-16 09:08:48.594579 EST  game            : Trivia 'What event involves you mining an obsidian block?' | 'DTC' #𝖪𝗂𝗍𝗆𝖺𝗉-𝖢𝗁𝖺𝗍
INFO        2024-12-16 09:33:48.595802 EST  game            : Unscramble 'warp koth' #𝖥𝖺𝖼𝗍𝗂𝗈𝗇𝗌-𝖢𝗁𝖺𝗍
INFO        2024-12-16 10:00:48.651763 EST  game            : Flag Guesser 'Saint Lucia' #𝖪𝗂𝗍𝗆𝖺𝗉-𝖢𝗁𝖺𝗍
INFO        2024-12-16 10:27:48.594540 EST  game            : Trivia 'How much health does the Factions DTC core have?' | '500' #𝖥𝖺𝖼𝗍𝗂𝗈𝗇𝗌-𝖢𝗁𝖺𝗍
INFO        2024-12-16 10:58:48.596252 EST  game            : Unscramble 'pet collar' #𝖥𝖺𝖼𝗍𝗂𝗈𝗇𝗌-𝖢𝗁𝖺𝗍
INFO        2024-12-16 11:29:48.653089 EST  game            : Flag Guesser 'Paraguay' #𝖲𝗄𝗒𝖻𝗅𝗈𝖼𝗄-𝖢𝗁𝖺𝗍
INFO        2024-12-16 12:04:48.677472 EST  game            : Flag Guesser 'Guadeloupe' #𝖥𝖺𝖼𝗍𝗂𝗈𝗇𝗌-𝖢𝗁𝖺𝗍
INFO        2024-12-16 12:37:48.650836 EST  game            : Flag Guesser 'Dominican Republic' #𝖪𝗂𝗍𝗆𝖺𝗉-𝖢𝗁𝖺𝗍
INFO        2024-12-16 13:11:48.595350 EST  game            : Unscramble 'end crystal' #𝖫𝗂𝖿𝖾𝗌𝗍𝖾𝖺𝗅-𝖢𝗁𝖺𝗍
d_message : Shard ID None session has been invalidated.
INFO        2024-12-13 04:22:35.584809 EST  received_message : Shard ID None has connected to Gateway (Session ID: 416626c858b5c66beb4be6cb2d2e2a97).
ERROR       2024-12-13 04:22:39.372931 EST  on_error        : Ignoring exception in on_ready
Traceback (most recent call last):
  File "/usr/local/lib/python3.9/dist-packages/discord/client.py", line 449, in _run_event
    await coro(*args, **kwargs)
  File "/root/MinecadiaGames/Cogs/sendgames.py", line 26, in on_ready
    self.update_leaderboard.start()
  File "/usr/local/lib/python3.9/dist-packages/discord/ext/tasks/__init__.py", line 395, in start
    raise RuntimeError('Task is already launched and is not completed.')
RuntimeError: Task is already launched and is not completed.
ERROR       2024-12-13 04:22:52.714924 EST  on_error        : Ignoring exception in on_ready
Traceback (most recent call last):
  File "/usr/local/lib/python3.9/dist-packages/discord/client.py", line 449, in _run_event
    await coro(*args, **kwargs)
  File "/root/MinecadiaGames/Assets/functions.py", line 49, in wrapper
    raise error
  File "/root/MinecadiaGames/Assets/functions.py", line 40, in wrapper
    result = await func(*args, **kwargs)
  File "/root/MinecadiaGames/main.py", line 84, in on_ready
    self.send_games.start()
  File "/usr/local/lib/python3.9/dist-packages/discord/ext/tasks/__init__.py", line 395, in start
    raise RuntimeError('Task is already launched and is not completed.')
RuntimeError: Task is already launched and is not completed.
ERROR       2024-12-13 04:26:49.427256 EST  on_error        : Ignoring exception in view <CountryButtons timeout=None children=4> for item <Button style=<ButtonStyle.secondary: 2> url=None disabled=False label='15/64' emoji=None row=None sku_id=None>
Traceback (most recent call last):
  File "/usr/local/lib/python3.9/dist-packages/discord/ui/view.py", line 430, in _scheduled_task
    await item.callback(interaction)
  File "/root/MinecadiaGames/Cogs/math_quiz.py", line 144, in math_button_answer
    await interaction.response.send_message(content=f"`✅` Correct! You have been awarded `{xp}xp`" + (" (2x XP)" if self.double_xp else "!"), ephemeral=True)
  File "/usr/local/lib/python3.9/dist-packages/discord/interactions.py", line 855, in send_message
    await adapter.create_interaction_response(
  File "/usr/local/lib/python3.9/dist-packages/discord/webhook/async_.py", line 221, in request
    raise NotFound(response, data)
discord.errors.NotFound: 404 Not Found (error code: 10062): Unknown interaction
ERROR       2024-12-13 04:29:59.468898 EST  connect         : Attempting a reconnect in 818.30s
Traceback (most recent call last):
  File "/usr/local/lib/python3.9/dist-packages/discord/client.py", line 667, in connect
    await self.ws.poll_event()
  File "/usr/local/lib/python3.9/dist-packages/discord/gateway.py", line 648, in poll_event
    raise ConnectionClosed(self.socket, shard_id=self.shard_id, code=code) from None
discord.errors.ConnectionClosed: Shard ID None WebSocket closed with 1000
INFO        2024-12-13 04:43:38.008550 EST  received_message : Shard ID None session has been invalidated.
INFO        2024-12-13 04:43:43.267564 EST  received_message : Shard ID None has connected to Gateway (Session ID: fe4ac163ba4c04bf97250e71fdc60887).
ERROR       2024-12-13 04:43:45.964976 EST  on_error        : Ignoring exception in on_ready
Traceback (most recent call last):
  File "/usr/local/lib/python3.9/dist-packages/discord/client.py", line 449, in _run_event
    await coro(*args, **kwargs)
  File "/root/MinecadiaGames/Cogs/sendgames.py", line 26, in on_ready
    self.update_leaderboard.start()
  File "/usr/local/lib/python3.9/dist-packages/discord/ext/tasks/__init__.py", line 395, in start
    raise RuntimeError('Task is already launched and is not completed.')
RuntimeError: Task is already launched and is not completed.
ERROR       2024-12-13 04:43:46.143147 EST  on_error        : Ignoring exception in on_ready
Traceback (most recent call last):
  File "/usr/local/lib/python3.9/dist-packages/discord/client.py", line 449, in _run_event
    await coro(*args, **kwargs)
  File "/root/MinecadiaGames/Assets/functions.py", line 49, in wrapper
    raise error
  File "/root/MinecadiaGames/Assets/functions.py", line 40, in wrapper
    result = await func(*args, **kwargs)
  File "/root/MinecadiaGames/main.py", line 84, in on_ready
    self.send_games.start()
  File "/usr/local/lib/python3.9/dist-packages/discord/ext/tasks/__init__.py", line 395, in start
    raise RuntimeError('Task is already launched and is not completed.')
RuntimeError: Task is already launched and is not completed.
WARNING     2024-12-13 04:48:06.541022 EST  request         : We are being rate limited. PATCH https://discord.com/api/v10/channels/1187151625140326441/messages/1317050363991298079 responded with 429. Retrying in 2.06 seconds.
WARNING     2024-12-13 04:49:20.932783 EST  request         : We are being rate limited. PATCH https://discord.com/api/v10/channels/1187151625140326441/messages/1317050363991298079 responded with 429. Retrying in 0.56 seconds.
WARNING     2024-12-13 04:49:58.114003 EST  request         : We are being rate limited. PATCH https://discord.com/api/v10/channels/1187151625140326441/messages/1317050363991298079 responded with 429. Retrying in 2.38 seconds.
WARNING     2024-12-13 04:50:01.935918 EST  request         : We are being rate limited. PATCH https://discord.com/api/v10/channels/1187151625140326441/messages/1317050363991298079 responded with 429. Retrying in 4.56 seconds.
WARNING     2024-12-13 04:50:05.913221 EST  request         : We are being rate limited. PATCH https://discord.com/api/v10/channels/1187151625140326441/messages/1317050363991298079 responded with 429. Retrying in 0.58 seconds.
WARNING     2024-12-13 04:50:06.630903 EST  request         : We are being rate limited. PATCH https://discord.com/api/v10/channels/1187151625140326441/messages/1317050363991298079 responded with 429. Retrying in 5.86 seconds.
WARNING     2024-12-13 04:50:09.937982 EST  request         : We are being rate limited. PATCH https://discord.com/api/v10/channels/1187151625140326441/messages/1317050363991298079 responded with 429. Retrying in 2.57 seconds.
WARNING     2024-12-13 04:50:12.623828 EST  request         : We are being rate limited. PATCH https://discord.com/api/v10/channels/1187151625140326441/messages/1317050363991298079 responded with 429. Retrying in 5.87 seconds.
WARNING     2024-12-13 04:50:16.663339 EST  request         : We are being rate limited. PATCH https://discord.com/api/v10/channels/1187151625140326441/messages/1317050363991298079 responded with 429. Retrying in 1.83 seconds.
WARNING     2024-12-13 04:50:18.659389 EST  request         : We are being rate limited. PATCH https://discord.com/api/v10/channels/1187151625140326441/messages/1317050363991298079 responded with 429. Retrying in 5.83 seconds.
WARNING     2024-12-13 04:50:18.823627 EST  request         : We are being rate limited. PATCH https://discord.com/api/v10/channels/1187151625140326441/messages/1317050363991298079 responded with 429. Retrying in 5.67 seconds.
WARNING     2024-12-13 04:50:24.608073 EST  request         : We are being rate limited. PATCH https://discord.com/api/v10/channels/1187151625140326441/messages/1317050363991298079 responded with 429. Retrying in 5.88 seconds.
WARNING     2024-12-13 04:50:44.552523 EST  request         : We are being rate limited. PATCH https://discord.com/api/v10/channels/1187151625140326441/messages/1317050363991298079 responded with 429. Retrying in 3.94 seconds.
WARNING     2024-12-13 04:51:33.000716 EST  request         : We are being rate limited. PATCH https://discord.com/api/v10/channels/1187151625140326441/messages/1317050363991298079 responded with 429. Retrying in 2.81 seconds.
WARNING     2024-12-13 04:51:38.194554 EST  request         : We are being rate limited. PATCH https://discord.com/api/v10/channels/1187151625140326441/messages/1317050363991298079 responded with 429. Retrying in 3.62 seconds.
WARNING     2024-12-13 04:51:42.244469 EST  request         : We are being rate limited. PATCH https://discord.com/api/v10/channels/1187151625140326441/messages/1317050363991298079 responded with 429. Retrying in 5.56 seconds.
WARNING     2024-12-13 04:51:45.092407 EST  request         : We are being rate limited. PATCH https://discord.com/api/v10/channels/1187151625140326441/messages/1317050363991298079 responded with 429. Retrying in 2.72 seconds.
WARNING     2024-12-13 04:51:47.940348 EST  request         : We are being rate limited. PATCH https://discord.com/api/v10/channels/1187151625140326441/messages/1317050363991298079 responded with 429. Retrying in 5.87 seconds.
WARNING     2024-12-13 04:51:52.805804 EST  request         : We are being rate limited. PATCH https://discord.com/api/v10/channels/1187151625140326441/messages/1317050363991298079 responded with 429. Retrying in 1.00 seconds.
WARNING     2024-12-13 04:51:53.972244 EST  request         : We are being rate limited. PATCH https://discord.com/api/v10/channels/1187151625140326441/messages/1317050363991298079 responded with 429. Retrying in 5.84 seconds.
WARNING     2024-12-13 04:51:54.149629 EST  request         : We are being rate limited. PATCH https://discord.com/api/v10/channels/1187151625140326441/messages/1317050363991298079 responded with 429. Retrying in 5.66 seconds.
WARNING     2024-12-13 04:51:59.918350 EST  request         : We are being rate limited. PATCH https://discord.com/api/v10/channels/1187151625140326441/messages/1317050363991298079 responded with 429. Retrying in 5.89 seconds.
WARNING     2024-12-13 04:52:01.529217 EST  request         : We are being rate limited. PATCH https://discord.com/api/v10/channels/1187151625140326441/messages/1317050363991298079 responded with 429. Retrying in 4.28 seconds.
WARNING     2024-12-13 04:52:05.992178 EST  request         : We are being rate limited. PATCH https://discord.com/api/v10/channels/1187151625140326441/messages/1317050363991298079 responded with 429. Retrying in 5.85 seconds.
WARNING     2024-12-13 04:52:34.345710 EST  request         : We are being rate limited. PATCH https://discord.com/api/v10/channels/1187151625140326441/messages/1317050363991298079 responded with 429. Retrying in 1.46 seconds.
WARNING     2024-12-13 04:52:36.251658 EST  request         : We are being rate limited. PATCH https://discord.com/api/v10/channels/1187151625140326441/messages/1317050363991298079 responded with 429. Retrying in 5.56 seconds.
WARNING     2024-12-13 04:52:37.680426 EST  request         : We are being rate limited. PATCH https://discord.com/api/v10/channels/1187151625140326441/messages/1317050363991298079 responded with 429. Retrying in 4.14 seconds.
WARNING     2024-12-13 04:52:41.956416 EST  request         : We are being rate limited. PATCH https://discord.com/api/v10/channels/1187151625140326441/messages/1317050363991298079 responded with 429. Retrying in 5.85 seconds.
WARNING     2024-12-13 04:52:52.661874 EST  request         : We are being rate limited. PATCH https://discord.com/api/v10/channels/1187151625140326441/messages/1317050363991298079 responded with 429. Retrying in 1.15 seconds.
WARNING     2024-12-13 04:52:54.270184 EST  request         : We are being rate limited. PATCH https://discord.com/api/v10/channels/1187151625140326441/messages/1317050363991298079 responded with 429. Retrying in 5.54 seconds.
WARNING     2024-12-13 04:53:04.395838 EST  request         : We are being rate limited. PATCH https://discord.com/api/v10/channels/1187151625140326441/messages/1317050363991298079 responded with 429. Retrying in 1.41 seconds.
WARNING     2024-12-13 04:53:13.193481 EST  request         : We are being rate limited. PATCH https://discord.com/api/v10/channels/1187151625140326441/messages/1317050363991298079 responded with 429. Retrying in 4.62 seconds.
WARNING     2024-12-13 04:53:19.098836 EST  request         : We are being rate limited. PATCH https://discord.com/api/v10/channels/1187151625140326441/messages/1317050363991298079 responded with 429. Retrying in 4.71 seconds.
WARNING     2024-12-13 04:53:24.112110 EST  request         : We are being rate limited. PATCH https://discord.com/api/v10/channels/1187151625140326441/messages/1317050363991298079 responded with 429. Retrying in 5.70 seconds.
ERROR       2024-12-13 06:36:01.181274 EST  connect         : Attempting a reconnect in 0.93s
Traceback (most recent call last):
  File "/usr/local/lib/python3.9/dist-packages/discord/client.py", line 667, in connect
    await self.ws.poll_event()
  File "/usr/local/lib/python3.9/dist-packages/discord/gateway.py", line 648, in poll_event
    raise ConnectionClosed(self.socket, shard_id=self.shard_id, code=code) from None
discord.errors.ConnectionClosed: Shard ID None WebSocket closed with 1000
INFO        2024-12-13 06:36:02.260911 EST  received_message : Shard ID None has successfully RESUMED session fe4ac163ba4c04bf97250e71fdc60887.
INFO        2024-12-13 08:33:17.864580 EST  received_message : Shard ID None has successfully RESUMED session fe4ac163ba4c04bf97250e71fdc60887.
INFO        2024-12-13 10:21:27.344898 EST  received_message : Shard ID None has successfully RESUMED session fe4ac163ba4c04bf97250e71fdc60887.
INFO        2024-12-13 11:58:06.499669 EST  received_message : Shard ID None has successfully RESUMED session fe4ac163ba4c04bf97250e71fdc60887.
ERROR       2024-12-13 12:08:23.113648 EST  on_command_error : Ignoring exception in command None
discord.ext.commands.errors.CommandNotFound: Command "wait" is not found
ERROR       2024-12-13 12:23:11.498005 EST  connect         : Attempting a reconnect in 0.95s
Traceback (most recent call last):
  File "/usr/local/lib/python3.9/dist-packages/discord/client.py", line 667, in connect
    await self.ws.poll_event()
  File "/usr/local/lib/python3.9/dist-packages/discord/gateway.py", line 648, in poll_event
    raise ConnectionClosed(self.socket, shard_id=self.shard_id, code=code) from None
discord.errors.ConnectionClosed: Shard ID None WebSocket closed with 1000
INFO        2024-12-13 12:23:12.592917 EST  received_message : Shard ID None has successfully RESUMED session fe4ac163ba4c04bf97250e71fdc60887.
INFO        2024-12-13 14:40:09.971301 EST  received_message : Shard ID None has successfully RESUMED session fe4ac163ba4c04bf97250e71fdc60887.
INFO        2024-12-13 16:21:05.784907 EST  received_message : Shard ID None has successfully RESUMED session fe4ac163ba4c04bf97250e71fdc60887.
INFO        2024-12-13 17:44:34.200803 EST  received_message : Shard ID None has successfully RESUMED session fe4ac163ba4c04bf97250e71fdc60887.
INFO        2024-12-13 19:53:17.069267 EST  received_message : Shard ID None has successfully RESUMED session fe4ac163ba4c04bf97250e71fdc60887.
ERROR       2024-12-13 21:21:07.578522 EST  connect         : Attempting a reconnect in 0.17s
Traceback (most recent call last):
  File "/usr/local/lib/python3.9/dist-packages/discord/client.py", line 667, in connect
    await self.ws.poll_event()
  File "/usr/local/lib/python3.9/dist-packages/discord/gateway.py", line 648, in poll_event
    raise ConnectionClosed(self.socket, shard_id=self.shard_id, code=code) from None
discord.errors.ConnectionClosed: Shard ID None WebSocket closed with 1000
INFO        2024-12-13 21:21:07.905462 EST  received_message : Shard ID None has successfully RESUMED session fe4ac163ba4c04bf97250e71fdc60887.
ERROR       2024-12-13 21:32:17.623298 EST  on_error        : Ignoring exception in command 'level'
Traceback (most recent call last):
  File "/usr/local/lib/python3.9/dist-packages/discord/app_commands/commands.py", line 857, in _do_call
    return await self._callback(self.binding, interaction, **params)  # type: ignore
  File "/root/MinecadiaGames/Cogs/level.py", line 74, in level
    if "gif" in user.avatar.url:
AttributeError: 'NoneType' object has no attribute 'url'

The above exception was the direct cause of the following exception:

Traceback (most recent call last):
  File "/usr/local/lib/python3.9/dist-packages/discord/app_commands/tree.py", line 1310, in _call
    await command._invoke_with_namespace(interaction, namespace)
  File "/usr/local/lib/python3.9/dist-packages/discord/app_commands/commands.py", line 883, in _invoke_with_namespace
    return await self._do_call(interaction, transformed_values)
  File "/usr/local/lib/python3.9/dist-packages/discord/app_commands/commands.py", line 876, in _do_call
    raise CommandInvokeError(self, e) from e
discord.app_commands.errors.CommandInvokeError: Command 'level' raised an exception: AttributeError: 'NoneType' object has no attribute 'url'
ERROR       2024-12-13 22:31:31.979542 EST  on_command_error : Ignoring exception in command None
discord.ext.commands.errors.CommandNotFound: Command "..?" is not found
ERROR       2024-12-13 23:12:50.718699 EST  connect         : Attempting a reconnect in 0.48s
Traceback (most recent call last):
  File "/usr/local/lib/python3.9/dist-packages/discord/client.py", line 667, in connect
    await self.ws.poll_event()
  File "/usr/local/lib/python3.9/dist-packages/discord/gateway.py", line 648, in poll_event
    raise ConnectionClosed(self.socket, shard_id=self.shard_id, code=code) from None
discord.errors.ConnectionClosed: Shard ID None WebSocket closed with 1000
INFO        2024-12-13 23:12:51.349990 EST  received_message : Shard ID None has successfully RESUMED session fe4ac163ba4c04bf97250e71fdc60887.
INFO        2024-12-14 02:11:56.249199 EST  received_message : Shard ID None has successfully RESUMED session fe4ac163ba4c04bf97250e71fdc60887.
INFO        2024-12-14 05:29:22.612196 EST  received_message : Shard ID None has successfully RESUMED session fe4ac163ba4c04bf97250e71fdc60887.
INFO        2024-12-14 05:47:48.808284 EST  received_message : Shard ID None has successfully RESUMED session fe4ac163ba4c04bf97250e71fdc60887.
INFO        2024-12-14 08:20:08.471273 EST  received_message : Shard ID None has successfully RESUMED session fe4ac163ba4c04bf97250e71fdc60887.
ERROR       2024-12-14 08:51:44.003171 EST  on_command_error : Ignoring exception in command None
discord.ext.commands.errors.CommandNotFound: Command "." is not found
INFO        2024-12-14 09:41:40.305220 EST  received_message : Shard ID None has successfully RESUMED session fe4ac163ba4c04bf97250e71fdc60887.
INFO        2024-12-14 10:50:42.750701 EST  received_message : Shard ID None has successfully RESUMED session fe4ac163ba4c04bf97250e71fdc60887.
ERROR       2024-12-14 13:20:59.211411 EST  on_command_error : Ignoring exception in command None
discord.ext.commands.errors.CommandNotFound: Command ".." is not found
INFO        2024-12-14 14:14:34.419148 EST  received_message : Shard ID None has successfully RESUMED session fe4ac163ba4c04bf97250e71fdc60887.
ERROR       2024-12-14 14:17:54.401413 EST  on_command_error : Ignoring exception in command None
discord.ext.commands.errors.CommandNotFound: Command "." is not found
INFO        2024-12-14 14:34:27.005718 EST  received_message : Shard ID None has successfully RESUMED session fe4ac163ba4c04bf97250e71fdc60887.
ERROR       2024-12-14 14:59:33.966926 EST  on_command_error : Ignoring exception in command None
discord.ext.commands.errors.CommandNotFound: Command "/nv" is not found
INFO        2024-12-14 16:15:16.441900 EST  received_message : Shard ID None has successfully RESUMED session fe4ac163ba4c04bf97250e71fdc60887.
INFO        2024-12-14 19:10:34.404383 EST  received_message : Shard ID None has successfully RESUMED session fe4ac163ba4c04bf97250e71fdc60887.
ERROR       2024-12-14 20:37:36.704514 EST  on_command_error : Ignoring exception in command None
discord.ext.commands.errors.CommandNotFound: Command "MohamedMaker13" is not found
ERROR       2024-12-14 21:03:52.467092 EST  on_command_error : Ignoring exception in command None
discord.ext.commands.errors.CommandNotFound: Command ".." is not found
ERROR       2024-12-14 21:28:17.475218 EST  on_command_error : Ignoring exception in command None
discord.ext.commands.errors.CommandNotFound: Command ".." is not found
ERROR       2024-12-14 21:32:28.795419 EST  on_command_error : Ignoring exception in command None
discord.ext.commands.errors.CommandNotFound: Command ".?" is not found
ERROR       2024-12-14 22:25:46.159315 EST  on_command_error : Ignoring exception in command None
discord.ext.commands.errors.CommandNotFound: Command ".." is not found
ERROR       2024-12-14 22:41:02.648913 EST  on_command_error : Ignoring exception in command None
discord.ext.commands.errors.CommandNotFound: Command ".." is not found
ERROR       2024-12-14 22:44:22.878118 EST  on_command_error : Ignoring exception in command None
discord.ext.commands.errors.CommandNotFound: Command "...." is not found
INFO        2024-12-14 23:07:16.420764 EST  received_message : Shard ID None has successfully RESUMED session fe4ac163ba4c04bf97250e71fdc60887.
INFO        2024-12-15 01:29:32.304384 EST  received_message : Shard ID None has successfully RESUMED session fe4ac163ba4c04bf97250e71fdc60887.
INFO        2024-12-15 01:47:37.336144 EST  received_message : Shard ID None has successfully RESUMED session fe4ac163ba4c04bf97250e71fdc60887.
ERROR       2024-12-15 01:49:48.369693 EST  on_command_error : Ignoring exception in command None
discord.ext.commands.errors.CommandNotFound: Command "..." is not found
INFO        2024-12-15 03:53:25.853655 EST  received_message : Shard ID None has successfully RESUMED session fe4ac163ba4c04bf97250e71fdc60887.
ERROR       2024-12-15 04:29:24.260976 EST  on_command_error : Ignoring exception in command None
discord.ext.commands.errors.CommandNotFound: Command ".." is not found
INFO        2024-12-15 06:57:53.031171 EST  received_message : Shard ID None has successfully RESUMED session fe4ac163ba4c04bf97250e71fdc60887.
ERROR       2024-12-15 09:27:05.784494 EST  on_error        : Ignoring exception in command 'level'
Traceback (most recent call last):
  File "/usr/local/lib/python3.9/dist-packages/discord/app_commands/commands.py", line 857, in _do_call
    return await self._callback(self.binding, interaction, **params)  # type: ignore
  File "/root/MinecadiaGames/Cogs/level.py", line 74, in level
    if "gif" in user.avatar.url:
AttributeError: 'NoneType' object has no attribute 'url'

The above exception was the direct cause of the following exception:

Traceback (most recent call last):
  File "/usr/local/lib/python3.9/dist-packages/discord/app_commands/tree.py", line 1310, in _call
    await command._invoke_with_namespace(interaction, namespace)
  File "/usr/local/lib/python3.9/dist-packages/discord/app_commands/commands.py", line 883, in _invoke_with_namespace
    return await self._do_call(interaction, transformed_values)
  File "/usr/local/lib/python3.9/dist-packages/discord/app_commands/commands.py", line 876, in _do_call
    raise CommandInvokeError(self, e) from e
discord.app_commands.errors.CommandInvokeError: Command 'level' raised an exception: AttributeError: 'NoneType' object has no attribute 'url'
INFO        2024-12-15 10:18:22.754374 EST  received_message : Shard ID None has successfully RESUMED session fe4ac163ba4c04bf97250e71fdc60887.
ERROR       2024-12-15 13:27:37.492644 EST  on_command_error : Ignoring exception in command None
discord.ext.commands.errors.CommandNotFound: Command ".?" is not found
INFO        2024-12-15 13:57:06.271764 EST  received_message : Shard ID None has successfully RESUMED session fe4ac163ba4c04bf97250e71fdc60887.
INFO        2024-12-15 14:29:40.926701 EST  received_message : Shard ID None has successfully RESUMED session fe4ac163ba4c04bf97250e71fdc60887.
INFO        2024-12-15 15:22:13.322525 EST  received_message : Shard ID None has successfully RESUMED session fe4ac163ba4c04bf97250e71fdc60887.
INFO        2024-12-15 16:54:32.931871 EST  received_message : Shard ID None has successfully RESUMED session fe4ac163ba4c04bf97250e71fdc60887.
ERROR       2024-12-15 17:47:19.930502 EST  on_error        : Ignoring exception in command 'level'
Traceback (most recent call last):
  File "/usr/local/lib/python3.9/dist-packages/discord/app_commands/commands.py", line 857, in _do_call
    return await self._callback(self.binding, interaction, **params)  # type: ignore
  File "/root/MinecadiaGames/Cogs/level.py", line 74, in level
    if "gif" in user.avatar.url:
AttributeError: 'NoneType' object has no attribute 'url'

The above exception was the direct cause of the following exception:

Traceback (most recent call last):
  File "/usr/local/lib/python3.9/dist-packages/discord/app_commands/tree.py", line 1310, in _call
    await command._invoke_with_namespace(interaction, namespace)
  File "/usr/local/lib/python3.9/dist-packages/discord/app_commands/commands.py", line 883, in _invoke_with_namespace
    return await self._do_call(interaction, transformed_values)
  File "/usr/local/lib/python3.9/dist-packages/discord/app_commands/commands.py", line 876, in _do_call
    raise CommandInvokeError(self, e) from e
discord.app_commands.errors.CommandInvokeError: Command 'level' raised an exception: AttributeError: 'NoneType' object has no attribute 'url'
ERROR       2024-12-15 19:13:59.244040 EST  on_command_error : Ignoring exception in command None
discord.ext.commands.errors.CommandNotFound: Command "gladiator7777" is not found
ERROR       2024-12-15 19:57:49.463272 EST  on_command_error : Ignoring exception in command None
discord.ext.commands.errors.CommandNotFound: Command "close" is not found
INFO        2024-12-15 20:02:40.120932 EST  received_message : Shard ID None has successfully RESUMED session fe4ac163ba4c04bf97250e71fdc60887.
INFO        2024-12-15 21:31:10.821354 EST  received_message : Shard ID None has successfully RESUMED session fe4ac163ba4c04bf97250e71fdc60887.
INFO        2024-12-15 23:01:08.508281 EST  received_message : Shard ID None has successfully RESUMED session fe4ac163ba4c04bf97250e71fdc60887.
INFO        2024-12-16 00:38:53.700673 EST  received_message : Shard ID None has successfully RESUMED session fe4ac163ba4c04bf97250e71fdc60887.
INFO        2024-12-16 04:15:51.845071 EST  received_message : Shard ID None has successfully RESUMED session fe4ac163ba4c04bf97250e71fdc60887.
ERROR       2024-12-16 05:07:32.216353 EST  on_command_error : Ignoring exception in command None
discord.ext.commands.errors.CommandNotFound: Command "........." is not found
INFO        2024-12-16 05:31:09.119625 EST  received_message : Shard ID None has successfully RESUMED session fe4ac163ba4c04bf97250e71fdc60887.
INFO        2024-12-16 06:55:28.163371 EST  received_message : Shard ID None has successfully RESUMED session fe4ac163ba4c04bf97250e71fdc60887.
INFO        2024-12-16 07:18:45.395724 EST  received_message : Shard ID None has successfully RESUMED session fe4ac163ba4c04bf97250e71fdc60887.
INFO        2024-12-16 09:46:38.154247 EST  received_message : Shard ID None has successfully RESUMED session fe4ac163ba4c04bf97250e71fdc60887.
INFO        2024-12-16 12:03:07.221473 EST  received_message : Shard ID None has successfully RESUMED session fe4ac163ba4c04bf97250e71fdc60887.
ERROR       2024-12-16 12:35:44.322063 EST  on_error        : Ignoring exception in command 'level'
Traceback (most recent call last):
  File "/usr/local/lib/python3.9/dist-packages/discord/app_commands/commands.py", line 857, in _do_call
    return await self._callback(self.binding, interaction, **params)  # type: ignore
  File "/root/MinecadiaGames/Cogs/level.py", line 74, in level
    if "gif" in user.avatar.url:
AttributeError: 'NoneType' object has no attribute 'url'

The above exception was the direct cause of the following exception:

Traceback (most recent call last):
  File "/usr/local/lib/python3.9/dist-packages/discord/app_commands/tree.py", line 1310, in _call
    await command._invoke_with_namespace(interaction, namespace)
  File "/usr/local/lib/python3.9/dist-packages/discord/app_commands/commands.py", line 883, in _invoke_with_namespace
    return await self._do_call(interaction, transformed_values)
  File "/usr/local/lib/python3.9/dist-packages/discord/app_commands/commands.py", line 876, in _do_call
    raise CommandInvokeError(self, e) from e
discord.app_commands.errors.CommandInvokeError: Command 'level' raised an exception: AttributeError: 'NoneType' object has no attribute 'url'
INFO        2024-12-16 13:01:46.978460 EST  received_message : Shard ID None has successfully RESUMED session fe4ac163ba4c04bf97250e71fdc60887.
