ERROR       2024-08-04 07:31:58.315318 EST  check_level_up  : Check Level-up Error: 403 Forbidden (error code: 50007): Cannot send messages to this user
INFO        2024-08-05 12:54:52.257137 EST  wrapper         : Games Reload Command completed in 0.19s
ERROR       2024-08-05 13:05:12.036362 EST  execute         : Execute error (1054, "Unknown column 'None' in 'where clause'")
ERROR       2024-08-05 13:05:12.041949 EST  execute         : Execute error (1054, "Unknown column 'None' in 'where clause'")
ERROR       2024-08-05 13:07:33.102633 EST  execute         : Execute error (1146, "Table 'discord_bot.wordle' doesn't exist")
ERROR       2024-08-05 13:07:34.745200 EST  execute         : Execute error (1146, "Table 'discord_bot.wordle' doesn't exist")
ERROR       2024-08-05 13:07:47.406957 EST  execute         : Execute error (1146, "Table 'discord_bot.wordle' doesn't exist")
ERROR       2024-08-05 13:10:37.168068 EST  execute         : Execute error (1146, "Table 'discord_bot.wordle' doesn't exist")
ERROR       2024-08-05 13:10:38.816896 EST  execute         : Execute error (1146, "Table 'discord_bot.wordle' doesn't exist")
ERROR       2024-08-05 13:10:47.320650 EST  execute         : Execute error (1146, "Table 'discord_bot.wordle' doesn't exist")
ERROR       2024-08-05 13:13:12.691026 EST  execute         : Execute error (1146, "Table 'discord_bot.wordle' doesn't exist")
(most recent call last):
  File "/usr/local/lib/python3.9/dist-packages/discord/ui/view.py", line 430, in _scheduled_task
    await item.callback(interaction)
  File "/root/MinecadiaGames/Cogs/memory.py", line 304, in pos_12
    await self.check_cooldown(interaction, self.pos_12, 11)
  File "/root/MinecadiaGames/Cogs/memory.py", line 201, in check_cooldown
    await self.handle_click(interaction, button_method, position)
  File "/root/MinecadiaGames/Cogs/memory.py", line 249, in handle_click
    embed.description = embed.description + f"\n`»+ {xp} Experience (Win)`"
UnboundLocalError: local variable 'embed' referenced before assignment
INFO        2024-08-04 13:23:39.084908 EST  received_message : Shard ID None has successfully RESUMED session 988bd4d5097eb8565586630ae84df7be.
INFO        2024-08-04 16:59:50.955615 EST  received_message : Shard ID None has successfully RESUMED session 988bd4d5097eb8565586630ae84df7be.
ERROR       2024-08-04 18:49:51.036139 EST  connect         : Attempting a reconnect in 0.10s
Traceback (most recent call last):
  File "/usr/local/lib/python3.9/dist-packages/discord/client.py", line 667, in connect
    await self.ws.poll_event()
  File "/usr/local/lib/python3.9/dist-packages/discord/gateway.py", line 648, in poll_event
    raise ConnectionClosed(self.socket, shard_id=self.shard_id, code=code) from None
discord.errors.ConnectionClosed: Shard ID None WebSocket closed with 1000
INFO        2024-08-04 18:49:51.286897 EST  received_message : Shard ID None has successfully RESUMED session 988bd4d5097eb8565586630ae84df7be.
ERROR       2024-08-04 19:39:22.531584 EST  on_command_error : Ignoring exception in command None
discord.ext.commands.errors.CommandNotFound: Command "...?" is not found
INFO        2024-08-04 20:43:08.425610 EST  received_message : Shard ID None has successfully RESUMED session 988bd4d5097eb8565586630ae84df7be.
INFO        2024-08-04 21:56:59.671411 EST  received_message : Shard ID None has successfully RESUMED session 988bd4d5097eb8565586630ae84df7be.
INFO        2024-08-04 22:29:58.070563 EST  received_message : Shard ID None has successfully RESUMED session 988bd4d5097eb8565586630ae84df7be.
INFO        2024-08-05 00:41:15.557894 EST  received_message : Shard ID None has successfully RESUMED session 988bd4d5097eb8565586630ae84df7be.
INFO        2024-08-05 02:48:13.191068 EST  received_message : Shard ID None has successfully RESUMED session 988bd4d5097eb8565586630ae84df7be.
INFO        2024-08-05 03:41:36.289028 EST  received_message : Shard ID None has successfully RESUMED session 988bd4d5097eb8565586630ae84df7be.
ERROR       2024-08-05 04:50:55.327398 EST  connect         : Attempting a reconnect in 1.58s
Traceback (most recent call last):
  File "/usr/local/lib/python3.9/dist-packages/discord/client.py", line 667, in connect
    await self.ws.poll_event()
  File "/usr/local/lib/python3.9/dist-packages/discord/gateway.py", line 648, in poll_event
    raise ConnectionClosed(self.socket, shard_id=self.shard_id, code=code) from None
discord.errors.ConnectionClosed: Shard ID None WebSocket closed with 1000
INFO        2024-08-05 04:50:57.043786 EST  received_message : Shard ID None has successfully RESUMED session 988bd4d5097eb8565586630ae84df7be.
INFO        2024-08-05 08:12:07.015670 EST  received_message : Shard ID None has successfully RESUMED session 988bd4d5097eb8565586630ae84df7be.
INFO        2024-08-05 08:31:08.063276 EST  received_message : Shard ID None has successfully RESUMED session 988bd4d5097eb8565586630ae84df7be.
INFO        2024-08-05 12:20:20.462072 EST  received_message : Shard ID None has successfully RESUMED session 988bd4d5097eb8565586630ae84df7be.
ERROR       2024-08-05 13:05:12.042424 EST  on_error        : Ignoring exception in on_message
Traceback (most recent call last):
  File "/usr/local/lib/python3.9/dist-packages/discord/client.py", line 449, in _run_event
    await coro(*args, **kwargs)
  File "/root/MinecadiaGames/Cogs/wordle.py", line 107, in on_message
    if not await self.can_play(message.author):
  File "/root/MinecadiaGames/Cogs/wordle.py", line 56, in can_play
    if str(user.id) in rows[0]['users'] and str(user.id) not in rows2[0]['won']:
IndexError: list index out of range
ERROR       2024-08-05 13:07:33.103259 EST  on_error        : Ignoring exception in on_message
Traceback (most recent call last):
  File "/usr/local/lib/python3.9/dist-packages/discord/client.py", line 449, in _run_event
    await coro(*args, **kwargs)
  File "/root/MinecadiaGames/Cogs/wordle.py", line 107, in on_message
    if not await self.can_play(message.author):
  File "/root/MinecadiaGames/Cogs/wordle.py", line 53, in can_play
    last_time = await self.get_last_time()
  File "/root/MinecadiaGames/Cogs/wordle.py", line 44, in get_last_time
    return rows[0]['MAX(`sent_at`)']
IndexError: list index out of range
ERROR       2024-08-05 13:07:34.746742 EST  on_error        : Ignoring exception in on_message
Traceback (most recent call last):
  File "/usr/local/lib/python3.9/dist-packages/discord/client.py", line 449, in _run_event
    await coro(*args, **kwargs)
  File "/root/MinecadiaGames/Cogs/wordle.py", line 107, in on_message
    if not await self.can_play(message.author):
  File "/root/MinecadiaGames/Cogs/wordle.py", line 53, in can_play
    last_time = await self.get_last_time()
  File "/root/MinecadiaGames/Cogs/wordle.py", line 44, in get_last_time
    return rows[0]['MAX(`sent_at`)']
IndexError: list index out of range
ERROR       2024-08-05 13:07:47.407695 EST  on_error        : Ignoring exception in on_message
Traceback (most recent call last):
  File "/usr/local/lib/python3.9/dist-packages/discord/client.py", line 449, in _run_event
    await coro(*args, **kwargs)
  File "/root/MinecadiaGames/Cogs/wordle.py", line 107, in on_message
    if not await self.can_play(message.author):
  File "/root/MinecadiaGames/Cogs/wordle.py", line 53, in can_play
    last_time = await self.get_last_time()
  File "/root/MinecadiaGames/Cogs/wordle.py", line 44, in get_last_time
    return rows[0]['MAX(`sent_at`)']
IndexError: list index out of range
ERROR       2024-08-05 13:10:37.169480 EST  on_error        : Ignoring exception in on_message
Traceback (most recent call last):
  File "/usr/local/lib/python3.9/dist-packages/discord/client.py", line 449, in _run_event
    await coro(*args, **kwargs)
  File "/root/MinecadiaGames/Cogs/wordle.py", line 107, in on_message
    if not await self.can_play(message.author):
  File "/root/MinecadiaGames/Cogs/wordle.py", line 53, in can_play
    last_time = await self.get_last_time()
  File "/root/MinecadiaGames/Cogs/wordle.py", line 44, in get_last_time
    return rows[0]['MAX(`sent_at`)']
IndexError: list index out of range
ERROR       2024-08-05 13:10:38.817729 EST  on_error        : Ignoring exception in on_message
Traceback (most recent call last):
  File "/usr/local/lib/python3.9/dist-packages/discord/client.py", line 449, in _run_event
    await coro(*args, **kwargs)
  File "/root/MinecadiaGames/Cogs/wordle.py", line 107, in on_message
    if not await self.can_play(message.author):
  File "/root/MinecadiaGames/Cogs/wordle.py", line 53, in can_play
    last_time = await self.get_last_time()
  File "/root/MinecadiaGames/Cogs/wordle.py", line 44, in get_last_time
    return rows[0]['MAX(`sent_at`)']
IndexError: list index out of range
ERROR       2024-08-05 13:10:47.321651 EST  on_error        : Ignoring exception in on_message
Traceback (most recent call last):
  File "/usr/local/lib/python3.9/dist-packages/discord/client.py", line 449, in _run_event
    await coro(*args, **kwargs)
  File "/root/MinecadiaGames/Cogs/wordle.py", line 107, in on_message
    if not await self.can_play(message.author):
  File "/root/MinecadiaGames/Cogs/wordle.py", line 53, in can_play
    last_time = await self.get_last_time()
  File "/root/MinecadiaGames/Cogs/wordle.py", line 44, in get_last_time
    return rows[0]['MAX(`sent_at`)']
IndexError: list index out of range
ERROR       2024-08-05 13:13:12.692346 EST  on_error        : Ignoring exception in on_message
Traceback (most recent call last):
  File "/usr/local/lib/python3.9/dist-packages/discord/client.py", line 449, in _run_event
    await coro(*args, **kwargs)
  File "/root/MinecadiaGames/Cogs/wordle.py", line 107, in on_message
    if not await self.can_play(message.author):
  File "/root/MinecadiaGames/Cogs/wordle.py", line 53, in can_play
    last_time = await self.get_last_time()
  File "/root/MinecadiaGames/Cogs/wordle.py", line 44, in get_last_time
    return rows[0]['MAX(`sent_at`)']
IndexError: list index out of range
game            : Trivia 'When was the Minecadia Wiki for Kitmap created?' | 'It never was' #𝖪𝗂𝗍𝗆𝖺𝗉-𝖢𝗁𝖺𝗍
INFO        2024-08-05 09:23:48.198758 EST  game            : Flag Guesser 'Colombia' #𝖪𝗂𝗍𝗆𝖺𝗉-𝖢𝗁𝖺𝗍
INFO        2024-08-05 09:54:48.183070 EST  game            : Flag Guesser 'Netherlands' #𝖲𝗄𝗒𝖻𝗅𝗈𝖼𝗄-𝖢𝗁𝖺𝗍
INFO        2024-08-05 10:29:48.131335 EST  game            : Math Quiz 'Factors of 581 =' | '1, 7, 83, 581' #𝖥𝖺𝖼𝗍𝗂𝗈𝗇𝗌-𝖢𝗁𝖺𝗍
INFO        2024-08-05 11:02:48.178828 EST  game            : Flag Guesser 'Nauru' #𝖪𝗂𝗍𝗆𝖺𝗉-𝖢𝗁𝖺𝗍
INFO        2024-08-05 11:31:48.131321 EST  game            : Math Quiz '17^2=' | '289' #𝖥𝖺𝖼𝗍𝗂𝗈𝗇𝗌-𝖢𝗁𝖺𝗍
INFO        2024-08-05 11:56:48.180134 EST  game            : Flag Guesser 'Mozambique' #𝖪𝗂𝗍𝗆𝖺𝗉-𝖢𝗁𝖺𝗍
INFO        2024-08-05 12:28:48.131249 EST  game            : Math Quiz '17^4 =' | '83521' #𝖲𝗄𝗒𝖻𝗅𝗈𝖼𝗄-𝖢𝗁𝖺𝗍
INFO        2024-08-05 13:03:48.131115 EST  game            : Trivia 'What is the name of the first ever skin that was released on Skyblock?' | 'Toad Skin' #𝖲𝗄𝗒𝖻𝗅𝗈𝖼𝗄-𝖢𝗁𝖺𝗍
