INFO        2024-08-01 00:50:10.120448 EST  start           : Wordle 'GAUGE' (pp_muncher424#0)
INFO        2024-08-01 00:51:03.556052 EST  updatERROR       2024-08-01 00:51:31.024828 EST  oINFO        2024-08-01 01:06:47.757659 EST  add_tictactoe   : Refreshing TicTacToe...
INFO        2024-08-01 01:07:05.992040 EST  staINFO        2024-08-01 01:10:19.382220 EST  game            : Flag Guesser 'Bahrain' #рќ–Єрќ—‚рќ—Ќрќ—†рќ–єрќ—‰-рќ–ўрќ—Ѓрќ–єрќ—Ќ
INFO        2024-08-01 01:44:19.320201 EST  game            : Math Quiz 'FactorINFO        2024-08-01 02:01:56.831064 EST  start           : TicTacToe (ebkmabu#0)
INFO        INFO        2024-08-01 02:19:19.321096 EST  game            : Math Quiz '3/2Г·5/7=' | '21/10' #рќ–Єрќ—‚рќ—Ќрќ—†рќ–єрќ—‰-рќ–ўрќ—Ѓрќ–єрќ—Ќ
INFO        2024-08-01 02:44:19.363609 ESTINFO        2024-08-01 03:26:45.550739 EST  start           : Wordle 'SIEVE' (nearmapxd#0)
INFO        2024-08-01 03:47:12.924296 EST  start           : TicTacToe (nearmapxd#0)
INFO        2024-08-01 03:47:33.336994 EST  start           : Memory (nearmapxd#0)
INFO        2024-08-01 04:04:13.754940 EST  add_wordle      : Refreshing Wordle...
INFO        INFO        2024-08-01 04:18:19.320436 EST  game            : Math Quiz 'Factors of 659 =' | '1, 659' #рќ–Ґрќ–єрќ–јрќ—Ќрќ—‚рќ—€рќ—‡рќ—Њ-рќ–ўрќ—Ѓрќ–єрќ—Ќ
INFO        2INFO        2024-08-01 05:04:14.719585 EST  update_game     : Wordle waiting 39599 seconds...
INFO        2024-08-01 05:INFO        2024-08-01 05:26:19.313515 EST  game            : UnINFO        2024-08-01 05:34:11.526073 EST  start           : Wordle 'TINFO        2024-08-01 05:53:19.311987 EST  game            : Unscramble 'grandpafrank' #рќ–Ірќ—„рќ—’рќ–»рќ—…рќ—€рќ–јрќ—„-рќ–ўрќ—Ѓрќ–єрќ—Ќ
INFO        2024-08-01 06:19:19.383397 EST  game            : Flag Guesser 'Pitcairn Islands' #рќ–Єрќ—‚рќ—Ќрќ—†рќ–єрќ—‰-рќ–ўрќ—Ѓрќ–єрќ—Ќ
INFO        2024-08-01 06:50:19.317336 EST  game            : Math Quiz '9Г·1=' | '9' #рќ–Єрќ—‚рќ—Ќрќ—†рќ–єрќ—‰-рќ–ўрќ—Ѓрќ–єрќ—Ќ
INFO        2024-08-01 07:17:19.312504 EST  game            : Trivia 'What is the exact date Kitmap opened?' | 'July 9th, 2022' #рќ–Єрќ—‚рќ—Ќрќ—†рќ–єрќ—‰-рќ–ўрќ—Ѓрќ–єрќ—Ќ
INFO        2024-08-01 07:49:19.320781 EST  game            : Math Quiz 'Which symbol represents the comparison between 8/6 and 5/8?' | '>' #рќ–Ґрќ–єрќ–јрќ—Ќрќ—‚рќ—€рќ—‡рќ—Њ-рќ–ўрќ—Ѓрќ–єрќ—Ќ
INFO        2024-08-01 08:19:19.380892 EST  game            : Flag Guesser 'Mauritania' #рќ–Єрќ—‚рќ—Ќрќ—†рќ–єрќ—‰-рќ–ўрќ—Ѓрќ–єрќ—Ќ
INFO        2024-08-01 08:51:19.312991 EST  game            : Trivia 'Which one of the Clans gives Permanent Fire Resistance I?' | 'Sarutobi' #рќ–Єрќ—‚рќ—Ќрќ—†рќ–єрќ—‰-рќ–ўрќ—Ѓрќ–єрќ—Ќ
INFO        2024-08-01 09:23:19.314159 EST  game            : Trivia 'What anime is the theme of Kitmap based off?' | 'Naruto' #рќ–Єрќ—‚рќ—Ќрќ—†рќ–єрќ—‰-рќ–ўрќ—Ѓрќ–єрќ—Ќ
INFO        2024-08-01 09:54:19.314152 EST  game            : Trivia 'What is the armINFO        2024-08-01 11:45:47.536307 EST  start           : Memory (ariole#0)
INFO        2024-08-01 11:47:55.807009 EST  start           : TicTacToe (ariole#0)
INFO        2024-08-01 11:49:46.886421 EST  start           : Wordle 'RADIO' (ariole#0)
INFO        2024-08-01 11:51:02.558290 EST  add_memory      : Refreshing Memory...
INFO        2024-08-01 11:52:00.246195 EST  start           : Memory (notfriz#0)
INFO        2024-08-01 11:53:31.249478 EST  start           : TicTacToe (notfriz#0)
INFO        2024-08-01 11:53:53.784768 EST  start           : Memory (ariole#0)
INFO        2024-08-01 11:57:08.168230 EST  start           : Memory (harleeboy#0)
INFO        2024-08-01 12:02:18.385INFO        2024-08-01 12:14:19.319997 EST  game            : Math Quiz 'x^2-6x-27' | '(x+3)(x-9)' #рќ–Єрќ—‚рќ—Ќрќ—†рќ–єрќ—‰-рќ–ўрќ—Ѓрќ–єрINFO        2024-08-01 12:51:03.298306 EST  update_game     : Memory waiting 39599 seconds...
INFO        2024-08-01 13:06:47.100899 EST  aINFO        2024-08-01 13:21:19.312806 EST  game            : Unscramble 'springupdate' #рќ–«рќ—‚рќ–їрќ–ѕрќ—Њрќ—Ќрќ–ѕрќ–єрќ—…-рќ–ўрќ—Ѓрќ–єрќ—Ќ
INFO        2024-08-01 13:49:19.319427 EST  game            : Math Quiz 'What is the hypotenuse of a right triangle given the other two sides have lengths 16 and 15?' | '21.93' #рќ–Ґрќ–єрќ–јрќ—Ќрќ—‚рќ—€рќ—‡рќ—Њ-рќ–ўрќ—Ѓрќ–єрќ—Ќ
INFO        2024-08-01 14:14:19.372229 EST  game            : Flag Guesser 'Saint Kitts and Nevis' #рќ–Єрќ—‚рќ—Ќрќ—†рќ–єрќ—‰-рќ–ўрќ—Ѓрќ–єрќ—Ќ
INFO        2024-08-01 14:40:19.367785 EST  game       INFO        2024-08-01 16:04:13.721472 EST  add_wordle      : Refreshing Wordle...
INFO        2024-08-01 16:04:26.336123 EST  start           : Wordle 'CINCH' (.goetta#0)
INFO        2024-08-01 16:07:29.487276 EST  start           : Wordle 'CIVIC' (1ndividualism#0)
INFO        2024-08-01 16:07:43.573158 EST  start           : Wordle 'LIPID' (harleINFO    INFO        2024-08-01 17:04:14.365230 EST  update_game     : Wordle waiting 39599 seconds...
INFO        2024-08-01 17:39:32.435806 EST  start           : TicTacToe (desktopmist2089#0)
INFO        2024-08-01 17:53:52.084490 EST  start           : Wordle 'YOUNG' (invis00#0)
INFO        2024-08-01 17:58:26.490946 EST  start           : TicTacToe (invis00#0)
INFO        2024-08-01 17:58:41.142620 EST  start           : Memory (invis00#0)
INFO        2024-08-01 18:02:04.794551 EST  start           : Wordle 'CRUMB' (xd.1029#0)
INFO      INFO        2024-08-01 18:08:19.312340 EST  game            : Unscramble 'raiding' #рќ–Ґрќ–єрќ–јрќ—Ќрќ—‚рќ—€рќ—‡рќ—Њ-рќ–ўрќ—Ѓрќ–єрќ—Ќ
INFO        2024-08-01 18:43:19.313260 EST  game            : Unscramble 'xyrde' #рќ–Єрќ—‚рќ—Ќрќ—†рќ–єрќ—‰-рќ–ўрќ—Ѓрќ–єINFO INFO        2024-08-01 19:12:19.313162 EST  game            : Trivia 'What was the newest warzone event added?' | 'Oddball' #рќ–Єрќ—‚рќ—Ќрќ—†рќ–єрќ—‰-рќ–ўрќ—Ѓрќ–єрќ—Ќ
INFO        2024-08-01 19:39:19.313923 EST  game            : Unscramble 'tokens' #рќ–Єрќ—‚рќ—Ќрќ—†рќ–єрќ—‰-рќ–ўрќ—Ѓрќ–єрќ—Ќ
INFO        2024-08-01 20:11:19.314073 EST  game            : Unscramble 'flowers' #рќ–Єрќ—‚рќ—Ќрќ—†рќ–єрќ—‰-рќ–ўрќ—Ѓрќ–єрќ—Ќ
INFO        2024-08-01 20:38:19.312826 EST  game            : Unscramble 'ahoy' #рќ–Ґрќ–єрќ–јрќ—Ќрќ—‚рќ—€рќ—‡рќ—Њ-рќ–ўрќ—Ѓрќ–єрќ—Ќ
INFO        2024-08-01 21:11:19.313895 EST  game            : Trivia 'What season was /fund introduced?' | 'Season 7' #рќ–Єрќ—‚рќ—Ќрќ—†рќ–єрќ—‰-рќ–ўрќ—Ѓрќ–єрќ—Ќ
INFO        2024-08-01 21:44:19.365662 EST  game            : Flag Guesser 'Chile' #рќ–Ґрќ–єрќ–јрќ—Ќрќ—‚рќ—€рќ—‡рќ—Њ-рќ–ўрќ—Ѓрќ–єрќ—Ќ
INFO        2024-08-01 22:15:19.313353 EST  game         INFO        2024-08-01 22:50:29.140034 EST  received_message : Shard ID None has successfully RESUMED session 4c462bb2840b5c2edcabf11e39ac5f51.
INFO        2024-08-02 00:47:56.245510 EST  received_message : Shard ID None has successfully RESUMED session 4c462bb2840b5c2edcabf11e39ac5f51.
INFO        2024-08-02 01:19:14.556744 EST  received_message : Shard ID None has successfully RESUMED session 4c462bb2840b5c2edcabf11e39ac5f51.
ERROR       2024-08-02 03:01:46.881169 EST  connect         : Attempting a reconnect in 1.53s
Traceback (most recent call last):
  File "/usr/local/lib/python3.9/dist-packages/discord/client.py", line 667, in connect
    await self.ws.poll_event()
  File "/usr/local/lib/python3.9/dist-packages/discord/gateway.py", line 648, in poll_event
    raise ConnectionClosed(self.socket, shard_id=self.shard_id, code=code) from None
discord.errors.ConnectionClosed: Shard ID None WebSocket closed with 1000
INFO        2024-08-02 03:01:48.560323 EST  received_message : Shard ID None has successfully RESUMED session 4c462bb2840b5c2edcabf11e39ac5f51.
ERROR       2024-08-02 03:32:06.469088 EST  on_error        : Ignoring exception in on_message
Traceback (most recent call last):
  File "/usr/local/lib/python3.9/dist-packages/discord/client.py", line 449, in _run_event
    await coro(*args, **kwargs)
  File "/root/MinecadiaGames/Cogs/wordle.py", line 116, in on_message
    embed = channel_msg.embeds[0]
IndexError: list index out of range
ERROR       2024-08-02 05:21:14.715172 EST  on_error        : Ignoring exception in on_message
Traceback (most recent call last):
  File "/usr/local/lib/python3.9/dist-packages/discord/client.py", line 449, in _run_event
    await coro(*args, **kwargs)
  File "/root/MinecadiaGames/Cogs/wordle.py", line 108, in on_message
    guesses = await self.check_guesses(message.channel, message.author)
  File "/root/MinecadiaGames/Cogs/wordle.py", line 99, in check_guesses
    elif msg.author.bot and "Wordle" in msg.embeds[0].title:
IndexError: list index out of range
INFO        2024-08-02 05:35:56.244694 EST  received_message : Shard ID None has successfully RESUMED session 4c462bb2840b5c2edcabf11e39ac5f51.
ERROR       2024-08-02 06:20:13.118INFO        2024-08-02 06:48:08.088584 EST  start           : Wordle 'WEARY' (harleeboy#0)
INFO        2024-08-02 07:06:47.277758 EST  add_tictactoe   : Refreshing TicTacToe...
INFO        2024-08-02 07:09:45.007195 EST  start           : Wordle 'SMALL' (llama_xd#0)
INFO        2024-08-02 07:12:53.793856 EST  start           : TicTacToe (harleeboy#0)
INFO        2024-08-02 07:26:05.393385 EST  start           : TicTacToe (1ndividualism#0)
INFO        2024-08-02 08:06:48.111378 EST  update_game     : Tictactoe waiting 17999 seconds...
INFO        2024-08-02 09:38:58.939549 EST  start           : TicTacToe (.goetta#0)
INFO        2024-08-02 09:39:23.161987 EST  start           : Wordle 'SHELF' (.goetta#0)
INFO        2024-08-02 11:22:56.456953 EST  start           : TicTacToe (ariole#0)
INFO        2024-08-02 11:24:47.600214 EST  start           : Wordle 'FILET' (ariole#0)
INFO        2024-08-02 11:51:02.934037 EST  add_memory      : Refreshing Memory...
INFO        2024-08-02 11:53:51.138088 EST  start           : Memory (ariole#0)
INFO        2024-08-02 11:54:35.778228 EST  start           : Memory (harleeboy#0)
INFO        2024-08-02 12:09:39.582923 EST  start           : Memory (1ndividualism#0)
INFO        2024-08-02 12:51:03.613300 EST  update_game     : Memory waiting 39599 seconds...
INFO        2024-08-02 13:06:47.114408 EST  add_tictactoe   : Refreshing TicTacToe...
INFO        2024-08-02 13:07:04.160645 EST  start           : TicTacToe (1ndividualism#0)
INFO        2024-08-02 13:07:42.976074 EST  start           : TicTacToe (harleeboy#0)
INFO        2024-08-02 13:07:54.826890 EST  start           : TicTacToe (ariole#0)
INFO        2024-08-02 13:17:16.107985 EST  start           : Memory (notfriz#0)
INFO        2024-08-02 13:18:18.420891 EST  start           : Wordle 'REHAB' (notfriz#0)
INFO        2024-08-02 13:21:20.703705 EST  start           : TicTacToe (notfriz#0)
INFO        2024-08-02 14:06:47.768048 EST  update_game     : Tictactoe waiting 18000 seconds...
INFO        2024-08-02 15:55:40.302232 EST  start           : TicTacToe (.goetta#0)
INFO        2024-08-02 16:03:07.790554 EST  start           : Wordle 'OVARY' (xd.1029#0)
INFO        2024-08-02 16:03:27.544544 EST  start           : Wordle 'GREED' (invis00#0)
INFO        2024-08-02 16:04:13.065966 EST  add_wordle      : Refreshing Wordle...
INFO        2024-08-02 16:05:20.991561 EST  start           : Wordle 'LURID' (ariole#0)
INFO        2024-08-02 16:05:32.503127 EST  start           : Wordle 'NIECE' (xd.1029#0)
INFO        2024-08-02 16:06:16.563368 EST  start           : Wordle 'AGILE' (invis00#0)
INFO        2024-08-02 16:43:08.732306 EST  start           : Wordle 'SALON' (1ndividualism#0)
INFO        2024-08-02 16:43:43.011133 EST  start           : Wordle 'QUICK' (harleeboy#0)
INFO        2024-08-02 16:50:48.390469 EST  start           : Wordle 'SULLY' (notfriz#0)
INFO        2024-08-02 17:04:13.819873 EST  update_game     : Wordle waiting 39600 seconds...
INFO        2024-08-02 18:04:02.154064 EST  start           : TicTacToe (ebkmabu#0)
INFO        2024-08-02 18:04:47.098683 EST  start           : Wordle 'GREET' (ebkmabu#0)
INFO        2024-08-02 18:45:51.597464 EST  start           : TicTacToe (desktopmist2089#0)
INFO        2024-08-02 19:06:47.770859 EST  add_tictactoe   : Refreshing TicTacToe...
INFO        2024-08-02 19:07:10.432320 EST  start           : TicTacToe (harleeboy#0)
INFO        2024-08-02 19:07:25.138754 EST  start           : TicTacToe (.goetta#0)
INFO        2024-08-02 19:07:32.666972 EST  start           : TicTacToe (1ndividualism#0)
INFO        2024-08-02 19:10:28.139694 EST  start           : TicTacToe (ebkmabu#0)
INFO        2024-08-02 19:15:06.839627 EST  start           : TicTacToe (notfriz#0)
INFO        2024-08-02 19:16:47.888366 EST  start           : TicTacToe (ariole#0)
INFO        2024-08-02 20:06:48.400728 EST  update_game     : Tictactoe waiting 17999 seconds...
INFO        2024-08-02 21:17:27.120114 EST  start           : Memory (.goetta#0)
INFO        2024-08-02 21:20:15.964124 EST  start           : Wordle 'PLIER' (.goetta#0)
INFO        2024-08-02 23:51:02.616165 EST  add_memory      : Refreshing Memory...
INFO        2024-08-02 23:51:12.450318 EST  start           : Memory (.goetta#0)
INFO        2024-08-02 23:51:18.001520 EST  start           : Memory (ebkmabu#0)
INFO        2024-08-02 23:56:53.401353 EST  start           : Memory (ariole#0)
INFO        2024-08-03 00:00:53.077042 EST  start           : TicTacToe (xd.1029#0)
INFO        2024-08-03 00:01:08.317603 EST  start           : TicTacToe (invis00#0)
INFO        2024-08-03 00:01:26.323363 EST  start           : Memory (xd.1029#0)
INFO        2024-08-03 00:01:37.676378 EST  start           : Memory (invis00#0)
INFO        2024-08-03 00:08:00.278440 EST  start           : Memory (harleeboy#0)
INFO        2024-08-03 00:51:03.330204 EST  update_game     : Memory waiting 39599 seconds...
INFO        2024-08-03 01:06:47.404640 EST  add_tictactoe   : Refreshing TicTacToe...
INFO        2024-08-03 01:06:56.449097 EST  start           : TicTacToe (.goetta#0)
INFO        2024-08-03 01:10:39.855356 EST  start           : TicTacToe (ebkmabu#0)
INFO        2024-08-03 02:06:48.007373 EST  update_game     : Tictactoe waiting 17999 seconds...
INFO        2024-08-03 04:04:13.823471 EST  add_wordle      : Refreshing Wordle...
INFO        2024-08-03 04:07:47.042363 EST  start           : TicTacToe (1ndividualism#0)
INFO        2024-08-03 04:14:34.770818 EST  start           : Wordle 'BASIL' (1ndividualism#0)
INFO        2024-08-03 04:15:21.230836 EST  start           : Memory (1ndividualism#0)
INFO        2024-08-03 05:04:14.588649 EST  update_game     : Wordle waiting 39599 seconds...
INFO        2024-08-03 05:40:39.059732 EST  start           : TicTacToe (harleeboy#0)
INFO        2024-08-03 05:41:40.422246 EST  start           : Wordle 'DREAD' (harleeboy#0)
INFO        2024-08-03 06:05:41.513063 EST  start           : TicTacToe (desktopmist2089#0)
INFO        2024-08-03 06:48:22.638228 EST  start           : TicTacToe (notfriz#0)
INFO        2024-08-03 06:49:46.922323 EST  start           : Wordle 'PYGMY' (notfriz#0)
INFO        2024-08-03 06:51:09.535325 EST  start           : Memory (notfriz#0)
INFO        2024-08-03 07:06:47.010399 EST  add_tictactoe   : Refreshing TicTacToe...
INFO        2024-08-03 07:07:05.213441 EST  start           : TicTacToe (1ndividualism#0)
INFO        2024-08-03 07:07:53.628546 EST  start           : TicTacToe (notfriz#0)
INFO        2024-08-03 07:09:10.545352 EST  start           : TicTacToe (harleeboy#0)
INFO        2024-08-03 07:27:52.684355 EST  start           : TicTacToe (ebkmabu#0)
INFO        2024-08-03 07:28:15.840743 EST  start           : Wordle 'MORPH' (ebkmabu#0)
INFO        2024-08-03 08:06:47.790076 EST  update_game     : Tictactoe waiting 18000 seconds...
INFO        2024-08-03 09:10:36.680390 EST  start           : TicTacToe (.goetta#0)
INFO        2024-08-03 11:47:03.309957 EST  start           : Wordle 'SCALD' (desktopmist2089#0)
INFO        2024-08-03 11:47:31.917370 EST  start           : TicTacToe (desktopmist2089#0)
INFO        2024-08-03 11:47:47.310792 EST  start           : Memory (desktopmist2089#0)
INFO        2024-08-03 11:51:02.334033 EST  add_memory      : Refreshing Memory...
INFO        2024-08-03 11:51:07.850898 EST  start           : Memory (desktopmist2089#0)
INFO        2024-08-03 11:52:52.542677 EST  start           : Memory (notfriz#0)
INFO        2024-08-03 11:52:55.765342 EST  start           : Memory (1ndividualism#0)
INFO        2024-08-03 12:16:27.203078 EST  start           : Memory (harleeboy#0)
INFO        2024-08-03 12:38:21.689261 EST  start           : Memory (ariole#0)
INFO        2024-08-03 12:45:00.124362 EST  start           : TicTacToe (ariole#0)
INFO        2024-08-03 12:45:24.944855 EST  start           : Wordle 'TRACT' (ariole#0)
INFO        2024-08-03 12:51:03.132821 EST  update_game     : Memory waiting 39599 seconds...
INFO        2024-08-03 13:06:47.792351 EST  add_tictactoe   : Refreshing TicTacToe...
INFO        2024-08-03 13:06:59.737864 EST  start           : TicTacToe (notfriz#0)
INFO        2024-08-03 14:06:48.425725 EST  update_game     : Tictactoe waiting 17999 seconds...
INFO        2024-08-03 14:07:29.604660 EST  start           : TicTacToe (1ndividualism#0)
INFO        2024-08-03 14:08:10.134457 EST  start           : TicTacToe (harleeboy#0)
INFO        2024-08-03 15:40:41.088818 EST  start           : Wordle 'SALSA' (.goetta#0)
INFO        2024-08-03 15:43:15.804581 EST  start           : TicTacToe (.goetta#0)
19.312763 EST  game            : Unscramble 'blindfold' #рќ–Ґрќ–єрќ–јрќ—Ќрќ—‚рќ—€рќ—‡рќ—Њ-рќ–ўрќ—Ѓрќ–єрќ—Ќ
INFO        2024-08-03 10:36:19.319029 EST  game            : Math Quiz '2x^4' | '8x^3' #рќ–«рќ—‚рќ–їрќ–ѕрќ—Њрќ—Ќрќ–ѕрќ–єрќ—…-рќ–ўрќ—Ѓрќ–єрќ—Ќ
INFO        2024-08-03 11:08:19.313893 EST  game            : Trivia 'How much gold does Kami rank cost? (No sale)' | '50,000' #рќ–Єрќ—‚рќ—Ќрќ—†рќ–єрќ—‰-рќ–ўрќ—Ѓрќ–єрќ—Ќ
INFO        2024-08-03 11:43:19.366225 EST  game            : Flag Guesser 'Bolivia' #рќ–Єрќ—‚рќ—Ќрќ—†рќ–єрќ—‰-рќ–ўрќ—Ѓрќ–єрќ—Ќ
INFO        2024-08-03 12:15:19.316024 EST  game            : Math Quiz 'Fourth angle of quadrilateral with angles 29 , 121, 84 =' | '126' #рќ–Ґрќ–єрќ–јрќ—Ќрќ—‚рќ—€рќ—‡рќ—Њ-рќ–ўрќ—Ѓрќ–єрќ—Ќ
INFO        2024-08-03 12:44:19.313963 EST  game            : Trivia 'What is the name of the first ever hypebox released on skyblock?' | 'Bowser' #рќ–Ірќ—„рќ—’рќ–»рќ—…рќ—€рќ–јрќ—„-рќ–ўрќ—Ѓрќ–єрќ—Ќ
INFO        2024-08-03 13:12:19.312919 EST  game            : Trivia 'How much gold does Samurai rank cost? (No sale)' | '5,000' #рќ–Єрќ—‚рќ—Ќрќ—†рќ–єрќ—‰-рќ–ўрќ—Ѓрќ–єрќ—Ќ
INFO        2024-08-03 13:47:19.380540 EST  game            : Flag Guesser 'Taiwan' #рќ–Ґрќ–єрќ–јрќ—Ќрќ—‚рќ—€рќ—‡рќ—Њ-рќ–ўрќ—Ѓрќ–єрќ—Ќ
INFO        2024-08-03 14:16:19.312950 EST  game            : Trivia 'Which one of the Crews gives Permanent Haste II?' | 'Vandal' #рќ–Ґрќ–єрќ–јрќ—Ќрќ—‚рќ—€рќ—‡рќ—Њ-рќ–ўрќ—Ѓрќ–єрќ—Ќ
INFO        2024-08-03 14:50:19.385182 EST  game            : Flag Guesser 'Uganda' #рќ–Ірќ—„рќ—’рќ–»рќ—…рќ—€рќ–јрќ—„-рќ–ўрќ—Ѓрќ–єрќ—Ќ
INFO        2024-08-03 15:20:19.317203 EST  game            : Math Quiz 'в€љ(36)=' | '6' #рќ–Ірќ—„рќ—’рќ–»рќ—…рќ—€рќ–јрќ—„-рќ–ўрќ—Ѓрќ–єрќ—Ќ
INFO        2024-08-03 15:45:19.315366 EST  game            : Trivia 'What is the 11th Day playtime reward?' | 'Diamond Hook' #рќ–Єрќ—‚рќ—Ќрќ—†рќ–єрќ—‰-рќ–ўрќ—Ѓрќ–єрќ—Ќ
40b5c2edcabf11e39ac5f51.
INFO        2024-08-03 00:51:11.519640 EST  received_message : Shard ID None has successfully RESUMED session 4c462bb2840b5c2edcabf11e39ac5f51.
ERROR       2024-08-03 01:20:57.849562 EST  on_command_error : Ignoring exception in command None
discord.ext.commands.errors.CommandNotFound: Command "." is not found
INFO        2024-08-03 03:02:31.758064 EST  received_message : Shard ID None has successfully RESUMED session 4c462bb2840b5c2edcabf11e39ac5f51.
ERROR       2024-08-03 06:14:50.140837 EST  on_command_error : Ignoring exception in command None
discord.ext.commands.errors.CommandNotFound: Command "/crate" is not found
INFO        2024-08-03 06:34:23.171882 EST  received_message : Shard ID None has successfully RESUMED session 4c462bb2840b5c2edcabf11e39ac5f51.
ERROR       2024-08-03 06:50:53.856968 EST  on_error        : Ignoring exception in on_message
Traceback (most recent call last):
  File "/usr/local/lib/python3.9/dist-packages/discord/client.py", line 449, in _run_event
    await coro(*args, **kwargs)
  File "/root/MinecadiaGames/Cogs/wordle.py", line 116, in on_message
    embed = channel_msg.embeds[0]
IndexError: list index out of range
INFO        2024-08-03 08:16:32.374193 EST  received_message : Shard ID None has successfully RESUMED session 4c462bb2840b5c2edcabf11e39ac5f51.
INFO        2024-08-03 10:26:15.162598 EST  received_message : Shard ID None has successfully RESUMED session 4c462bb2840b5c2edcabf11e39ac5f51.
ERROR       2024-08-03 11:54:23.380059 EST  on_error        : Ignoring exception in view <MemoryButtons timeout=None children=20> for item <Button style=<ButtonStyle.primary: 1> url=None disabled=True label=None emoji=<PartialEmoji animated=False name='Minecadia_Pirate_Smirk' id=1037392719288467539> row=0 sku_id=None>
Traceback (most recent call last):
  File "/usr/local/lib/python3.9/dist-packages/discord/ui/view.py", line 430, in _scheduled_task
    await item.callback(interaction)
  File "/root/MinecadiaGames/Cogs/memory.py", line 264, in pos_2
    await self.check_cooldown(interaction, self.pos_2, 1)
  File "/root/MinecadiaGames/Cogs/memory.py", line 201, in check_cooldown
    await self.handle_click(interaction, button_method, position)
  File "/root/MinecadiaGames/Cogs/memory.py", line 249, in handle_click
    embed.description = embed.description + f"\n`В»+ {xp} Experience (Win)`"
UnboundLocalError: local variable 'embed' referenced before assignment
INFO        2024-08-03 11:55:27.178776 EST  received_message : Shard ID None has successfully RESUMED session 4c462bb2840b5c2edcabf11e39ac5f51.
ERROR       2024-08-03 11:58:36.676682 EST  on_command_error : Ignoring exception in command None
discord.ext.commands.errors.CommandNotFound: Command "/private." is not found
INFO        2024-08-03 12:30:19.660164 EST  received_message : Shard ID None has successfully RESUMED session 4c462bb2840b5c2edcabf11e39ac5f51.
ERROR       2024-08-03 14:48:26.153630 EST  on_command_error : Ignoring exception in command None
discord.ext.commands.errors.CommandNotFound: Command ".." is not found
