INFO        2024-12-01 01:39:16.720111 EST  received_message : Shard ID None has successfully RESUMED session b08c348dfafef3801f55966ff07def48.
INFO     INFO        2024-12-02 21:04:47.915171 EST  wrapper         : Games Reload Command completed in 0.18s
INFO        2024-12-02 21:05:25.390062 EST  wrapper         : Games Reload Command completed in 0.21s
INFO        2024-12-02 21:06:09.435571 EST  wrapper         : Games Reload Command completed in 0.16s
INFO        2024-12-02 21:06:36.890408 EST  wrapper         : Games Reload Command completed in 0.13s
INFO        2024-12-02 21:07:40.551481 EST  wrapper         : Games Reload Command completed in 0.14s
INFO        2024-12-02 21:16:58.548526 EST  wrapper         : Games Reload Command completed in 0.14s
INFO        2024-12-02 21:42:50.269203 EST  wrapper         : Games Reload Command completed in 0.14s
INFO        2024-12-02 21:45:39.050122 EST  wrapper         : Games Reload Command completed in 0.19s
limited. PATCH https://discord.com/api/v10/channels/1226590694534152232/messages/1312735708024406078 responded with 429. Retrying in 2.73 seconds.
WARNING     2024-12-01 07:11:02.756469 EST  request         : We are being rate limited. PATCH https://discord.com/api/v10/channels/1226590694534152232/messages/1312735708024406078 responded with 429. Retrying in 0.62 seconds.
WARNING     2024-12-01 07:11:03.497179 EST  request         : We are being rate limited. PATCH https://discord.com/api/v10/channels/1226590694534152232/messages/1312735708024406078 responded with 429. Retrying in 5.88 seconds.
WARNING     2024-12-01 07:11:08.447268 EST  request         : We are being rate limited. PATCH https://discord.com/api/v10/channels/1226590694534152232/messages/1312735708024406078 responded with 429. Retrying in 0.93 seconds.
WARNING     2024-12-01 07:11:09.549193 EST  request         : We are being rate limited. PATCH https://discord.com/api/v10/channels/1226590694534152232/messages/1312735708024406078 responded with 429. Retrying in 5.83 seconds.
WARNING     2024-12-01 07:11:09.760165 EST  request         : We are being rate limited. PATCH https://discord.com/api/v10/channels/1226590694534152232/messages/1312735708024406078 responded with 429. Retrying in 5.62 seconds.
WARNING     2024-INFO        2024-12-01 07:38:06.798113 EST  game            : Unscramble 'needle' #­Ø¢¬­ØŚé­ØŚŹ­ØŚå­Ø¢║­ØŚē-­Ø¢ó­ØŚü­Ø¢║­ØŚŹ
INFO        2024-12-01 08:11:06.857155 EST  game            : Flag Guesser 'Finland' #­Ø¢ź­Ø¢║­Ø¢╝­ØŚŹ­ØŚé­ØŚł­ØŚć­ØŚī-­Ø¢ó­ØŚü­Ø¢║­ØŚŹ
INFO        2024-12-01 08:39:06.800126 EST  game            : Math Quiz 'ŌłÜ(4)=' | '2' #­Ø¢ź­Ø¢║­Ø¢╝­ØŚŹ­ØŚé­ØŚł­ØŚć­ØŚī-­Ø¢ó­ØŚü­Ø¢║­ØŚŹ | False
INFO        2024-12-01 09:06:06.876726 EST  game            : Flag Guesser 'European Union' #­Ø¢ź­Ø¢║­Ø¢╝­ØŚŹ­ØŚé­ØŚł­ØŚć­ØŚī-­Ø¢ó­ØŚü­Ø¢║­ØŚŹ
INFO        2024-12-01 09:32:06.879956 EST  game            : Flag Guesser 'Cape Verde' #­Ø¢ź­Ø¢║­Ø¢╝­ØŚŹ­ØŚé­ØŚł­ØŚć­ØŚī-­Ø¢ó­ØŚü­Ø¢║­ØŚŹ
INFO        2024-12-01 10:01:06.803745 EST  game            : Math Quiz 'Third angle of triangle with angles 80 and 35 =' | '65' #­Ø¢¬­ØŚé­ØŚŹINFO        2024-12-01 10:58:53.990701 EST  play            : TicTacToe (smokica#0)
INFO        2024-12-01 11:08:24.468665 EST  play            : TicTacToe (desktopmist2089#0)
INFO        2024-12-01 12:41:44.023817 EST  play            : TicTacToe (harleeboy#0)
INFO        2024-12-01 12:42:01.664273 EST  play_wordle     : Wordle 'MERGE' (harleeboy#0)
INFO        2024-12-01 13:27:58.243303 EST  play_wordle     : Wordle 'TORSO' (finnesin#0)
INFO        2024-12-01 13:38:13.084352 EST  refresh_dm_game : Refreshing Tictactoe...
INFO        2024-12-01 13:38:13.841061 EST  update_game     : Tictactoe waiting 21600 seconds...
INFO        2024-12-01 13:38:37.231296 EST  play            : TicTacToe (xental_#0)
INFO        2024-12-01 13:38:42.887826 EST  play            : TicTacToe (nearmapxd#0)
INFO        2024-12-01 13:48:03.688043 EST  play            : TicTacToe (finnesin#0)
INFO        2024-12-01 13:48:46.848493 EST  play            : Memory (finnesin#0)
INFO        2024-12-01 14:00:44.002006 EST  play            : TicTacToe (3sec1#0)
INFO        2024-12-01 14:00:46.041675 EST  play_wordle     : WordINFO        2024-12-0INFO        2024-12-01 14:21:00.613513 EST  play            : TicTacToe (smokica#0)
INFO        2024-12-01 15:52:45.670478 EST  play            : TicTacToe (youngbcy8#0)
INFO        2024-12-01 15:53:44.998447 EST  play_wordle     : Wordle 'ALOOF' (youngbcy8#0)
INFO        2024-12-01 15:56:18.062207 EST  play            : Memory (youngbcy8#0)
INFO        2024-12-01 16:32:46.344982 EST  play            : Memory (smokica#0)
INFO        2024-12-01 16:34:14.137447 EST  play_wordle     : Wordle 'PUNCH' (smokica#0)
INFO        2024-12-01 17:13:49.218135 EST  play_wordle     : Wordle 'THUMB' (coriaceous#0)
INFO        2024-12-01 17:16:54.375061 EST  play            : TicTacToe (coriaceous#0)
INFO        2024-12-01 17:17:26.594875 EST  play            : Memory (coriaceous#0)
INFO        2024-12-01 18:00:51.564987 EST  refresh_dm_game : Refreshing Memory...
INFO        2024-12-01 18:00:52.320115 EST  update_game     : Memory waiting 43199 seconds...
INFO        2024-12-01 18:11:45.164661 EST  play            : Memory (coriaceous#0)
INFO        2024-12-01 18:20:14.708138 EST  play            : Memory (cake2004#0)
INFO        2024-12-01 18:20:16.650986 EST  play            : TicTacToe (cake2004#0)
INFO        2024-12-01 18:43:45.262257 EST  play            : Memory (hcfkitfights#0)
INFO        2024-12-01 19:00:47.551613 EST  play            : Memory (nearmapxd#0)
INFO        2024-12-01 19:05:50.304836 EST  refresh_dm_game : Refreshing Wordle...
INFO        2024-12-01 19:05:50.926167 EST  update_game     : Wordle waiting 43200 seconds...
INFO        2024-12-01 19:08:03.446688 EST  play_wordle     : WordleINFO        2024-12-01 19:34:06.805405 EST  game            : Math Quiz '36+37=' | '73' #­Ø¢¬­ØŚé­ØŚŹ­ØŚå­Ø¢║­ØŚē-­Ø¢ó­ØŚü­Ø¢║­ØŚŹ | False
INFO        2024-12-01 20:04:06.796789 EST  game            : Trivia 'What is the newest minigame called?' | 'UHC Battle Royale' #­Ø¢¬­ØŚé­ØŚŹ­ØŚå­Ø¢║­ØŚē-­Ø¢ó­ØŚü­Ø¢║­ØŚŹ
INFO        2024-12-01 20:35:06.801115 EST  game            : Math Quiz 'Volume of cube with a side length of 4m is' | '64 m^3' #­Ø¢ź­Ø¢║­Ø¢╝­ØŚŹ­ØŚé­ØŚł­ØŚć­ØŚī-­Ø¢ó­ØŚü­Ø¢║­ØŚŹ | False
INFO        2024-12-01 21:02:06.798771 EST  game          INFO        2024-12-01 21:36:00.307458 EST  play            : TicTacToe (youngbcy8#0)
INFO        2024-12-01 21:42:44.333977 EST  play            : Memory (youngbcy8#0)
INFO        2024-12-01 21:45:36.523213 EST  plaINFO        2024-12-01 21:55:06.801000 EST  INFO        2024-12-02 00:30:42.402198 EST  play            : TicTacToe (smokica#0)
INFO        2024-12-02 00:52:09.214036 EST  play_wordle     : Wordle 'SHAPE' (smokica#0)
INFO        2024-12-02 00:52:50.345364 EST  play            : Memory (smokica#0)
INFO        2024-12-02 01:38:13.611616 EST  refresh_dm_game : Refreshing Tictactoe...
INFO        2024-12-02 01:38:14.182300 EST  update_game     : Tictactoe waiting 21599 seconds...
INFO        2024-12-02 01:40:11.235927 EST  play            : TicTacToe (youngbcy8#0)
INFO        2024-12-02 02:06:13.811087 EST  play            : TicTacToe (smokica#0)
INFO        2024-12-02 02:56:02.833034 EST  play            : TicTacToe (xental_#0)
INFO        2024-12-02 03:12:46.372076 EST  play            : Memory (xental_#0)
INFO        2024-12-02 03:14:59.535577 EST  play            : TicTacToe (harleeboy#0)
INFO        2024-12-02 04:04:22.875168 EST  play            : Memory (harleeboy#0)
INFO        2024-12-02 04:06:14.963720 EST  play_wordle     : Wordle 'COMFY' (harleeboy#0)
INFO        2024-12-02 06:00:51.322451 EST  refresh_dm_game : Refreshing Memory...
INFO        2024-12-02 06:00:52.073275 EST  update_game     : Memory waiting 43199 seconds...
INFO        2024-12-02 06:04:48.511520 EST  play            : TicTacToe (nearmapxd#0)
INFO        2024-12-02 06:05:07.182432 EST  play            : Memory (nearmapxd#0)
INFO        2024-12-02 07:05:50.928138 EST  refresh_dm_game : Refreshing Wordle...
INFO        2024-12-02 07:05:51.483105 EST  update_game     : Wordle waiting 43199 seconds...
INFO        2024-12-02 07:07:35.065511 EST  play_wordle     : Wordle 'MERIT' (nearmapxd#0)
INFO        2024-12-02 07:38:13.184336 EST  refresh_dm_game : Refreshing Tictactoe...
INFO        2024-12-02 07:38:13.948969 EST  update_game     : Tictactoe waiting 21600 seconds...
INFO        2024-12-02 07:38:41.602818 EST  play            : TicTacToe (harleeboy#0)
INFO        2024-12-02 07:40:38.226750 EST  play            : TicTacToe (1ndividualism#0)
INFO        2024-12-02 07:44:47.008493 EST  play            : TicTacToe (xental_#0)
INFO        2024-12-02 07:49:29.735095 EST  play            : TicTacToe (nearmapxd#0)
INFO        2024-12-02 10:34:05.673364 EST  play            : Memory (cake2004#0)
INFO        2024-12-02 10:34:07.959255 EST  play            : TicTacToe (cake2004#0)
INFO        2024-12-02 10:34:09.256049 EST  play_wordle     : Wordle 'BRIDE' (cake2004#0)
INFO        2024-12-02 10:35:35.003862 EST  play            : TicTacToe (youngbcy8#0)
INFO        2024-12-02 10:36:36.976838 EST  play_wordle     : Wordle 'DROIT' (youngbcy8#0)
INFO        2024-12-02 10:42:09.329908 EST  play            : Memory (youngbcy8#0)
INFO        2024-12-02 11:17:08.948020 EST  play            : TicTacToe (smokica#0)
INFO        2024-12-02 11:55:45.217240 EST  play_wordle     : Wordle 'BASIN' (xental_#0)
INFO        2024-12-02 11:56:20.477221 EST  play            : Memory (xental_#0)
INFO        2024-12-02 12:26:07.814744 EST  play_wordle     : Wordle 'MOLAR' (harleeboy#0)
INFO        2024-12-02 12:27:17.419104 EST  play            : Memory (harleeboy#0)
INFO        2024-12-02 13:38:13.950561 EST  refresh_dm_game : Refreshing Tictactoe...
INFO        2024-12-02 13:38:14.750723 EST  update_game     : Tictactoe waiting 21599 seconds...
INFO        2024-12-02 13:38:35.370815 EST  play            : TicTacToe (1ndividualism#0)
INFO        2024-12-02 13:38:45.452572 EST  play            : TicTacToe (xental_#0)
INFO        2024-12-02 13:39:08.326627 EST  play            : TicTacToe (nearmapxd#0)
INFO        2024-12-02 13:52:35.537393 EST  play            : TicTacToe (smokica#0)
INFO        2024-12-02 13:52:52.123810 EST  play_wordle     : Wordle 'MIRTH' (smokica#0)
INFO        2024-12-02 13:53:52.173637 EST  play            : Memory (smokica#0)
INFO        2024-12-02 14:14:08.355182 EST  play            : TicTacToe (youngbcy8#0)
INFO        2024-12-02 14:53:59.405694 EST  play            : TicTacToe (demarkess#0)
INFO        2024-12-02 14:54:12.270233 EST  play_wordle     : Wordle 'MARRY' (demarkess#0)
INFO        2024-12-02 16:21:49.988010 EST  play            : TicTacToe (harleeboy#0)
INFO        2024-12-02 17:05:55.054984 EST  play            : TicTacToe (3sec1#0)
INFO        2024-12-02 17:05:57.451434 EST  play_wordle     : Wordle 'BEZEL' (3sec1#0)
INFO        2024-12-02 18:00:51.074772 EST  refresh_dm_game : Refreshing Memory...
INFO        2024-12-02 18:00:51.697016 EST  update_game     : Memory waiting 43200 seconds...
INFO        2024-12-02 18:07:23.027511 EST  play            : Memory (cake2004#0)
INFO        2024-12-02 18:07:23.131710 EST  play            : TicTacToe (cake2004#0)
INFO        2024-12-02 19:05:50.485360 EST  refresh_dm_game : Refreshing Wordle...
INFO        2024-12-02 19:05:51.030059 EST  update_game     : Wordle waiting 43199 seconds...
INFO        2024-12-02 19:38:13.752231 EST  refresh_dm_game : Refreshing Tictactoe...
INFO        2024-12-02 19:38:14.382851 EST  update_game     : Tictactoe waiting 21599 seconds...
INFO        2024-12-02 20:07:42.874891 EST  play            : TicTacToe (xental_#0)
INFO        2024-12-02 20:27:45.734093 EST  play            : TicTacToe (youngbcy8#0)
INFO        2024-12-02 20:31:20.308248 EST  play_wordle     : Wordle 'HONEY' (youngbcy8#0)
INFO        2024-12-02 20:58:55.051479 EST  play            : TicTacToe (munehume#0)
INFO        2024-12-02 21:00:19.428028 EST  play_wordle     : Wordle 'MEATY' (munehume#0)
ØŚÆ­Ø¢╗­ØŚģ­ØŚł­Ø¢╝­ØŚä-­Ø¢ó­ØŚü­Ø¢║­ØŚŹ | False
INFO        2024-12-02 16:53:06.799125 EST  game            : Trivia 'After dying in which event are you death banned from it?' | 'Alcatraz' #­Ø¢½­ØŚé­Ø¢┐­Ø¢Š­ØŚī­ØŚŹ­Ø¢Š­Ø¢║­ØŚģ-­Ø¢ó­ØŚü­Ø¢║­ØŚŹ
INFO        2024-12-02 17:24:06.801211 EST  game            : Math Quiz '6/2 x 10/5=' | '60/10' #­Ø¢ź­Ø¢║­Ø¢╝­ØŚŹ­ØŚé­ØŚł­ØŚć­ØŚī-­Ø¢ó­ØŚü­Ø¢║­ØŚŹ | False
INFO        2024-12-02 17:51:06.798542 EST  game            : Unscramble 'health boost' #­Ø¢¬­ØŚé­ØŚŹ­ØŚå­Ø¢║­ØŚē-­Ø¢ó­ØŚü­Ø¢║­ØŚŹ
INFO        2024-12-02 18:22:06.797129 EST  game            : Unscramble 'demonic lifesteal' #­Ø¢¬­ØŚé­ØŚŹ­ØŚå­Ø¢║­ØŚē-­Ø¢ó­ØŚü­Ø¢║­ØŚŹ
INFO        2024-12-02 18:53:06.872103 EST  game            : Flag Guesser 'Ghana' #­Ø¢ź­Ø¢║­Ø¢╝­ØŚŹ­ØŚé­ØŚł­ØŚć­ØŚī-­Ø¢ó­ØŚü­Ø¢║­ØŚŹ
INFO        2024-12-02 19:22:06.879815 EST  game            : Flag Guesser 'Republic of the Congo' #­Ø¢ź­Ø¢║­Ø¢╝­ØŚŹ­ØŚé­ØŚł­ØŚć­ØŚī-­Ø¢ó­ØŚü­Ø¢║­ØŚŹ
INFO        2024-12-02 19:50:06.798189 EST  game            : Unscramble 'internal' #­Ø¢¬­ØŚé­ØŚŹ­ØŚå­Ø¢║­ØŚē-­Ø¢ó­ØŚü­Ø¢║­ØŚŹ
INFO        2024-12-02 20:21:06.799799 EST  game            : Trivia 'What Crypto is mineable at warp crypto?' | 'ETH' #­Ø¢▓­ØŚä­ØŚÆ­Ø¢╗­ØŚģ­ØŚł­Ø¢╝­ØŚä-­Ø¢ó­ØŚü­Ø¢║­ØŚŹ
INFO        2024-12-02 20:52:06.803305 EST  game            : Math Quiz '22├Ę52=' | '0.42' #­Ø¢▓­ØŚä­ØŚÆ­Ø¢╗­ØŚģ­ØŚł­Ø¢╝­ØŚä-­Ø¢ó­ØŚü­Ø¢║­ØŚŹ | False
INFO        2024-12-02 21:18:06.800212 EST  game            : Math Quiz 'Fourth angle of quadrilateral with angles 131 , 37, 117 =' | '75' #­Ø¢¬­ØŚé­ØŚŹ­ØŚå­Ø¢║­ØŚē-­Ø¢ó­ØŚü­Ø¢║­ØŚŹ | False
INFO        2024-12-02 21:45:06.796817 EST  game            : Unscramble 'holy smite' #­Ø¢ź­Ø¢║­Ø¢╝­ØŚŹ­ØŚé­ØŚł­ØŚć­ØŚī-­Ø¢ó­ØŚü­Ø¢║­ØŚŹ
hard ID None has successfully RESUMED session b08c348dfafef3801f55966ff07def48.
ERROR       2024-12-01 20:06:28.804783 EST  on_error        : Ignoring exception in command 'level'
Traceback (most recent call last):
  File "/usr/local/lib/python3.9/dist-packages/discord/app_commands/commands.py", line 857, in _do_call
    return await self._callback(self.binding, interaction, **params)  # type: ignore
  File "/root/MinecadiaGames/Cogs/level.py", line 74, in level
    if "gif" in user.avatar.url:
AttributeError: 'NoneType' object has no attribute 'url'

The above exception was the direct cause of the following exception:

Traceback (most recent call last):
  File "/usr/local/lib/python3.9/dist-packages/discord/app_commands/tree.py", line 1310, in _call
    await command._invoke_with_namespace(interaction, namespace)
  File "/usr/local/lib/python3.9/dist-packages/discord/app_commands/commands.py", line 883, in _invoke_with_namespace
    return await self._do_call(interaction, transformed_values)
  File "/usr/local/lib/python3.9/dist-packages/discord/app_commands/commands.py", line 876, in _do_call
    raise CommandInvokeError(self, e) from e
discord.app_commands.errors.CommandInvokeError: Command 'level' raised an exception: AttributeError: 'NoneType' object has no attribute 'url'
INFO        2024-12-01 21:03:29.437864 EST  received_message : Shard ID None has successfully RESUMED session b08c348dfafef3801f55966ff07def48.
INFO        2024-12-01 21:28:20.365214 EST  received_message : Shard ID None has successfully RESUMED session b08c348dfafef3801f55966ff07def48.
ERROR       2024-12-01 21:56:38.931360 EST  on_error        : Ignoring exception in command 'level'
Traceback (most recent call last):
  File "/usr/local/lib/python3.9/dist-packages/discord/app_commands/commands.py", line 857, in _do_call
    return await self._callback(self.binding, interaction, **params)  # type: ignore
  File "/root/MinecadiaGames/Cogs/level.py", line 74, in level
    if "gif" in user.avatar.url:
AttributeError: 'NoneType' object has no attribute 'url'

The above exception was the direct cause of the following exception:

Traceback (most recent call last):
  File "/usr/local/lib/python3.9/dist-packages/discord/app_commands/tree.py", line 1310, in _call
    await command._invoke_with_namespace(interaction, namespace)
  File "/usr/local/lib/python3.9/dist-packages/discord/app_commands/commands.py", line 883, in _invoke_with_namespace
    return await self._do_call(interaction, transformed_values)
  File "/usr/local/lib/python3.9/dist-packages/discord/app_commands/commands.py", line 876, in _do_call
    raise CommandInvokeError(self, e) from e
discord.app_commands.errors.CommandInvokeError: Command 'level' raised an exception: AttributeError: 'NoneType' object has no attribute 'url'
ERROR       2024-12-01 22:02:46.584722 EST  on_error        : Ignoring exception in command 'level'
Traceback (most recent call last):
  File "/usr/local/lib/python3.9/dist-packages/discord/app_commands/commands.py", line 857, in _do_call
    return await self._callback(self.binding, interaction, **params)  # type: ignore
  File "/root/MinecadiaGames/Cogs/level.py", line 74, in level
    if "gif" in user.avatar.url:
AttributeError: 'NoneType' object has no attribute 'url'

The above exception was the direct cause of the following exception:

Traceback (most recent call last):
  File "/usr/local/lib/python3.9/dist-packages/discord/app_commands/tree.py", line 1310, in _call
    await command._invoke_with_namespace(interaction, namespace)
  File "/usr/local/lib/python3.9/dist-packages/discord/app_commands/commands.py", line 883, in _invoke_with_namespace
    return await self._do_call(interaction, transformed_values)
  File "/usr/local/lib/python3.9/dist-packages/discord/app_commands/commands.py", line 876, in _do_call
    raise CommandInvokeError(self, e) from e
discord.app_commands.errors.CommandInvokeError: Command 'level' raised an exception: AttributeError: 'NoneType' object has no attribute 'url'
ERROR       2024-12-01 23:02:38.955281 EST  on_error        : Ignoring exception in command 'level'
Traceback (most recent call last):
  File "/usr/local/lib/python3.9/dist-packages/discord/app_commands/commands.py", line 857, in _do_call
    return await self._callback(self.binding, interaction, **params)  # type: ignore
  File "/root/MinecadiaGames/Cogs/level.py", line 74, in level
    if "gif" in user.avatar.url:
AttributeError: 'NoneType' object has no attribute 'url'

The above exception was the direct cause of the following exception:

Traceback (most recent call last):
  File "/usr/local/lib/python3.9/dist-packages/discord/app_commands/tree.py", line 1310, in _call
    await command._invoke_with_namespace(interaction, namespace)
  File "/usr/local/lib/python3.9/dist-packages/discord/app_commands/commands.py", line 883, in _invoke_with_namespace
    return await self._do_call(interaction, transformed_values)
  File "/usr/local/lib/python3.9/dist-packages/discord/app_commands/commands.py", line 876, in _do_call
    raise CommandInvokeError(self, e) from e
discord.app_commands.errors.CommandInvokeError: Command 'level' raised an exception: AttributeError: 'NoneType' object has no attribute 'url'
ERROR       2024-12-01 23:36:57.681293 EST  on_error        : Ignoring exception in command 'level'
Traceback (most recent call last):
  File "/usr/local/lib/python3.9/dist-packages/discord/app_commands/commands.py", line 857, in _do_call
    return await self._callback(self.binding, interaction, **params)  # type: ignore
  File "/root/MinecadiaGames/Cogs/level.py", line 74, in level
    if "gif" in user.avatar.url:
AttributeError: 'NoneType' object has no attribute 'url'

The above exception was the direct cause of the following exception:

Traceback (most recent call last):
  File "/usr/local/lib/python3.9/dist-packages/discord/app_commands/tree.py", line 1310, in _call
    await command._invoke_with_namespace(interaction, namespace)
  File "/usr/local/lib/python3.9/dist-packages/discord/app_commands/commands.py", line 883, in _invoke_with_namespace
    return await self._do_call(interaction, transformed_values)
  File "/usr/local/lib/python3.9/dist-packages/discord/app_commands/commands.py", line 876, in _do_call
    raise CommandInvokeError(self, e) from e
discord.app_commands.errors.CommandInvokeError: Command 'level' raised an exception: AttributeError: 'NoneType' object has no attribute 'url'
ERROR       2024-12-02 00:11:31.426591 EST  on_error        : Ignoring exception in command 'level'
Traceback (most recent call last):
  File "/usr/local/lib/python3.9/dist-packages/discord/app_commands/commands.py", line 857, in _do_call
    return await self._callback(self.binding, interaction, **params)  # type: ignore
  File "/root/MinecadiaGames/Cogs/level.py", line 74, in level
    if "gif" in user.avatar.url:
AttributeError: 'NoneType' object has no attribute 'url'

The above exception was the direct cause of the following exception:

Traceback (most recent call last):
  File "/usr/local/lib/python3.9/dist-packages/discord/app_commands/tree.py", line 1310, in _call
    await command._invoke_with_namespace(interaction, namespace)
  File "/usr/local/lib/python3.9/dist-packages/discord/app_commands/commands.py", line 883, in _invoke_with_namespace
    return await self._do_call(interaction, transformed_values)
  File "/usr/local/lib/python3.9/dist-packages/discord/app_commands/commands.py", line 876, in _do_call
    raise CommandInvokeError(self, e) from e
discord.app_commands.errors.CommandInvokeError: Command 'level' raised an exception: AttributeError: 'NoneType' object has no attribute 'url'
INFO        2024-12-02 00:23:31.055770 EST  received_message : Shard ID None has successfully RESUMED session b08c348dfafef3801f55966ff07def48.
ERROR       2024-12-02 00:42:45.644040 EST  on_error        : Ignoring exception in command 'level'
Traceback (most recent call last):
  File "/usr/local/lib/python3.9/dist-packages/discord/app_commands/commands.py", line 857, in _do_call
    return await self._callback(self.binding, interaction, **params)  # type: ignore
  File "/root/MinecadiaGames/Cogs/level.py", line 74, in level
    if "gif" in user.avatar.url:
AttributeError: 'NoneType' object has no attribute 'url'

The above exception was the direct cause of the following exception:

Traceback (most recent call last):
  File "/usr/local/lib/python3.9/dist-packages/discord/app_commands/tree.py", line 1310, in _call
    await command._invoke_with_namespace(interaction, namespace)
  File "/usr/local/lib/python3.9/dist-packages/discord/app_commands/commands.py", line 883, in _invoke_with_namespace
    return await self._do_call(interaction, transformed_values)
  File "/usr/local/lib/python3.9/dist-packages/discord/app_commands/commands.py", line 876, in _do_call
    raise CommandInvokeError(self, e) from e
discord.app_commands.errors.CommandInvokeError: Command 'level' raised an exception: AttributeError: 'NoneType' object has no attribute 'url'
INFO        2024-12-02 00:43:51.485474 EST  received_message : Shard ID None has successfully RESUMED session b08c348dfafef3801f55966ff07def48.
INFO        2024-12-02 01:29:25.402686 EST  received_message : Shard ID None has successfully RESUMED session b08c348dfafef3801f55966ff07def48.
ERROR       2024-12-02 03:38:31.289754 EST  on_command_error : Ignoring exception in command None
discord.ext.commands.errors.CommandNotFound: Command "..." is not found
INFO        2024-12-02 04:07:31.059355 EST  received_message : Shard ID None has successfully RESUMED session b08c348dfafef3801f55966ff07def48.
INFO        2024-12-02 04:38:03.937919 EST  received_message : Shard ID None has successfully RESUMED session b08c348dfafef3801f55966ff07def48.
INFO        2024-12-02 07:07:24.940568 EST  received_message : Shard ID None has successfully RESUMED session b08c348dfafef3801f55966ff07def48.
INFO        2024-12-02 08:03:26.266458 EST  received_message : Shard ID None has successfully RESUMED session b08c348dfafef3801f55966ff07def48.
INFO        2024-12-02 08:18:48.419768 EST  received_message : Shard ID None has successfully RESUMED session b08c348dfafef3801f55966ff07def48.
ERROR       2024-12-02 09:18:10.731848 EST  connect         : Attempting a reconnect in 0.05s
Traceback (most recent call last):
  File "/usr/local/lib/python3.9/dist-packages/discord/client.py", line 667, in connect
    await self.ws.poll_event()
  File "/usr/local/lib/python3.9/dist-packages/discord/gateway.py", line 648, in poll_event
    raise ConnectionClosed(self.socket, shard_id=self.shard_id, code=code) from None
discord.errors.ConnectionClosed: Shard ID None WebSocket closed with 1000
INFO        2024-12-02 09:18:10.929391 EST  received_message : Shard ID None has successfully RESUMED session b08c348dfafef3801f55966ff07def48.
INFO        2024-12-02 09:50:01.855850 EST  received_message : Shard ID None has successfully RESUMED session b08c348dfafef3801f55966ff07def48.
INFO        2024-12-02 11:04:02.785225 EST  received_message : Shard ID None has successfully RESUMED session b08c348dfafef3801f55966ff07def48.
ERROR       2024-12-02 12:25:34.519190 EST  on_error        : Ignoring exception in command 'level'
Traceback (most recent call last):
  File "/usr/local/lib/python3.9/dist-packages/discord/app_commands/commands.py", line 857, in _do_call
    return await self._callback(self.binding, interaction, **params)  # type: ignore
  File "/root/MinecadiaGames/Cogs/level.py", line 74, in level
    if "gif" in user.avatar.url:
AttributeError: 'NoneType' object has no attribute 'url'

The above exception was the direct cause of the following exception:

Traceback (most recent call last):
  File "/usr/local/lib/python3.9/dist-packages/discord/app_commands/tree.py", line 1310, in _call
    await command._invoke_with_namespace(interaction, namespace)
  File "/usr/local/lib/python3.9/dist-packages/discord/app_commands/commands.py", line 883, in _invoke_with_namespace
    return await self._do_call(interaction, transformed_values)
  File "/usr/local/lib/python3.9/dist-packages/discord/app_commands/commands.py", line 876, in _do_call
    raise CommandInvokeError(self, e) from e
discord.app_commands.errors.CommandInvokeError: Command 'level' raised an exception: AttributeError: 'NoneType' object has no attribute 'url'
ERROR       2024-12-02 12:25:41.431291 EST  on_error        : Ignoring exception in command 'level'
Traceback (most recent call last):
  File "/usr/local/lib/python3.9/dist-packages/discord/app_commands/commands.py", line 857, in _do_call
    return await self._callback(self.binding, interaction, **params)  # type: ignore
  File "/root/MinecadiaGames/Cogs/level.py", line 74, in level
    if "gif" in user.avatar.url:
AttributeError: 'NoneType' object has no attribute 'url'

The above exception was the direct cause of the following exception:

Traceback (most recent call last):
  File "/usr/local/lib/python3.9/dist-packages/discord/app_commands/tree.py", line 1310, in _call
    await command._invoke_with_namespace(interaction, namespace)
  File "/usr/local/lib/python3.9/dist-packages/discord/app_commands/commands.py", line 883, in _invoke_with_namespace
    return await self._do_call(interaction, transformed_values)
  File "/usr/local/lib/python3.9/dist-packages/discord/app_commands/commands.py", line 876, in _do_call
    raise CommandInvokeError(self, e) from e
discord.app_commands.errors.CommandInvokeError: Command 'level' raised an exception: AttributeError: 'NoneType' object has no attribute 'url'
ERROR       2024-12-02 13:17:02.626827 EST  on_command_error : Ignoring exception in command None
discord.ext.commands.errors.CommandNotFound: Command "." is not found
ERROR       2024-12-02 13:47:52.434329 EST  on_command_error : Ignoring exception in command None
discord.ext.commands.errors.CommandNotFound: Command ".?" is not found
INFO        2024-12-02 14:03:41.525515 EST  received_message : Shard ID None has successfully RESUMED session b08c348dfafef3801f55966ff07def48.
INFO        2024-12-02 14:26:51.063264 EST  received_message : Shard ID None has successfully RESUMED session b08c348dfafef3801f55966ff07def48.
ERROR       2024-12-02 16:51:17.932022 EST  on_command_error : Ignoring exception in command None
discord.ext.commands.errors.CommandNotFound: Command ".." is not found
INFO        2024-12-02 17:17:51.280128 EST  received_message : Shard ID None has successfully RESUMED session b08c348dfafef3801f55966ff07def48.
INFO        2024-12-02 20:03:14.155648 EST  received_message : Shard ID None has successfully RESUMED session b08c348dfafef3801f55966ff07def48.
ERROR       2024-12-02 21:05:31.209707 EST  on_error        : Ignoring exception in view <ViewMore timeout=None children=2> for item <Button style=<ButtonStyle.secondary: 2> url=None disabled=False label='Past Winners' emoji=<PartialEmoji animated=False name='­¤ōŖ' id=None> row=None sku_id=None>
Traceback (most recent call last):
  File "/usr/local/lib/python3.9/dist-packages/discord/ui/view.py", line 430, in _scheduled_task
    await item.callback(interaction)
  File "/root/MinecadiaGames/Cogs/sendgames.py", line 169, in past_winners
    month_string += "".join(self.winners_data['Message_Formats'][index + 1].replace("{user_id}", user_id).replace("{level}", self.winners_data['Months'][month][user_id]) for index, user_id in enumerate(self.winners_data['Months'][month].keys()))
  File "/root/MinecadiaGames/Cogs/sendgames.py", line 169, in <genexpr>
    month_string += "".join(self.winners_data['Message_Formats'][index + 1].replace("{user_id}", user_id).replace("{level}", self.winners_data['Months'][month][user_id]) for index, user_id in enumerate(self.winners_data['Months'][month].keys()))
KeyError: 1
ERROR       2024-12-02 21:06:12.364465 EST  on_error        : Ignoring exception in view <ViewMore timeout=None children=2> for item <Button style=<ButtonStyle.secondary: 2> url=None disabled=False label='Past Winners' emoji=<PartialEmoji animated=False name='­¤ōŖ' id=None> row=None sku_id=None>
Traceback (most recent call last):
  File "/usr/local/lib/python3.9/dist-packages/discord/ui/view.py", line 430, in _scheduled_task
    await item.callback(interaction)
  File "/root/MinecadiaGames/Cogs/sendgames.py", line 169, in past_winners
    month_string += "".join(self.winners_data['Message_Formats'][str(index + 1)].replace("{user_id}", user_id).replace("{level}", self.winners_data['Months'][month][user_id]) for index, user_id in enumerate(self.winners_data['Months'][month].keys()))
  File "/root/MinecadiaGames/Cogs/sendgames.py", line 169, in <genexpr>
    month_string += "".join(self.winners_data['Message_Formats'][str(index + 1)].replace("{user_id}", user_id).replace("{level}", self.winners_data['Months'][month][user_id]) for index, user_id in enumerate(self.winners_data['Months'][month].keys()))
TypeError: replace() argument 2 must be str, not int
ERROR       2024-12-02 21:06:46.790101 EST  on_error        : Ignoring exception in view <Paginator timeout=900 children=4> for item <Button style=<ButtonStyle.danger: 4> url=None disabled=False label='>' emoji=None row=None sku_id=None>
Traceback (most recent call last):
  File "/usr/local/lib/python3.9/dist-packages/discord/ui/view.py", line 430, in _scheduled_task
    await item.callback(interaction)
  File "/root/MinecadiaGames/Assets/classes.py", line 83, in next_button
    await self.handle_page_button(interaction, 1)
  File "/root/MinecadiaGames/Assets/classes.py", line 71, in handle_page_button
    await self.update_message(interaction)
  File "/root/MinecadiaGames/Assets/classes.py", line 40, in update_message
    await interaction.edit_original_response(embed=self.create_embed(), view=self)
  File "/usr/local/lib/python3.9/dist-packages/discord/interactions.py", line 535, in edit_original_response
    data = await adapter.edit_original_interaction_response(
  File "/usr/local/lib/python3.9/dist-packages/discord/webhook/async_.py", line 223, in request
    raise HTTPException(response, data)
discord.errors.HTTPException: 400 Bad Request (error code: 50035): Invalid Form Body
In embeds.0.description: Must be 4096 or fewer in length.
ERROR       2024-12-02 21:06:48.094335 EST  on_error        : Ignoring exception in view <Paginator timeout=900 children=4> for item <Button style=<ButtonStyle.secondary: 2> url=None disabled=True label='>' emoji=None row=None sku_id=None>
Traceback (most recent call last):
  File "/usr/local/lib/python3.9/dist-packages/discord/ui/view.py", line 430, in _scheduled_task
    await item.callback(interaction)
  File "/root/MinecadiaGames/Assets/classes.py", line 83, in next_button
    await self.handle_page_button(interaction, 1)
  File "/root/MinecadiaGames/Assets/classes.py", line 71, in handle_page_button
    await self.update_message(interaction)
  File "/root/MinecadiaGames/Assets/classes.py", line 40, in update_message
    await interaction.edit_original_response(embed=self.create_embed(), view=self)
  File "/usr/local/lib/python3.9/dist-packages/discord/interactions.py", line 535, in edit_original_response
    data = await adapter.edit_original_interaction_response(
  File "/usr/local/lib/python3.9/dist-packages/discord/webhook/async_.py", line 223, in request
    raise HTTPException(response, data)
discord.errors.HTTPException: 400 Bad Request (error code: 50035): Invalid Form Body
In embeds.0.description: Must be 4096 or fewer in length.
ERROR       2024-12-02 21:07:08.497304 EST  on_error        : Ignoring exception in view <Paginator timeout=900 children=4> for item <Button style=<ButtonStyle.secondary: 2> url=None disabled=True label='>|' emoji=None row=None sku_id=None>
Traceback (most recent call last):
  File "/usr/local/lib/python3.9/dist-packages/discord/ui/view.py", line 430, in _scheduled_task
    await item.callback(interaction)
  File "/root/MinecadiaGames/Assets/classes.py", line 89, in last_page_button
    await self.handle_page_button(interaction, total_pages - self.current_page)
  File "/root/MinecadiaGames/Assets/classes.py", line 71, in handle_page_button
    await self.update_message(interaction)
  File "/root/MinecadiaGames/Assets/classes.py", line 40, in update_message
    await interaction.edit_original_response(embed=self.create_embed(), view=self)
  File "/usr/local/lib/python3.9/dist-packages/discord/interactions.py", line 535, in edit_original_response
    data = await adapter.edit_original_interaction_response(
  File "/usr/local/lib/python3.9/dist-packages/discord/webhook/async_.py", line 223, in request
    raise HTTPException(response, data)
discord.errors.HTTPException: 400 Bad Request (error code: 50035): Invalid Form Body
In embeds.0.description: Must be 4096 or fewer in length.
INFO        2024-12-02 21:32:01.328061 EST  received_message : Shard ID None has successfully RESUMED session b08c348dfafef3801f55966ff07def48.
