INFO        2024-12-05 00:32:10.695750 EST  play            : TicTacToe (smokica#0)
INFO        2024-12-05 00:32:33.833230 EST  play_wordle     : WINFO        2024-12-05 01:INFO        2024-12-05 02:42:38.802530 EST  play            : TicTacToe (1ndividualism#0)
INFO        2024-12-05 03:28:17.878132 EST  play            : Memory (3sec1#0)
INFO        2024-12-05 03:28:53.967880 EST  play            : TicTacToe (nearmapxd#0)
INFO        2024-12-05 03:29:19.143123 EST  play_wordle     : Wordle 'NASAL' (nearmapxd#0)
INFO        2024-12-05 03:59:48.240152 EST  refresh_dm_game : Refreshing Tictactoe...
INFO        2024-12-05 03:59:48.957281 EST  update_game     : Tictactoe waiting 21600 seconds...
INFO        2024-12-05 04:00:07.851568 EST  play            : TicTacToe (nearmapxd#0)INFO        2024-12-05 05:44:50.657615 EST  received_message : Shard ID None has successfully RESUMED session 3217d2e56e5b9113c1b60ac252ad35f3.
INFO        2024-12-05 06:57:49.245454 EST  received_message : Shard ID None has successfully RESUMED session 3217d2e56e5b9113c1b60ac252ad35f3.
ERROR       2024-12-05 07:09:05.787516 EST  connect         : Attempting a reconnect in 1.07s
Traceback (most recent call last):
  File "/usr/local/lib/python3.9/dist-packages/discord/client.py", line 667, in connect
    await self.wINFO        2024-12-05 07:16:40.126930 EST  play            : TicTacToe (smokica#0)
INFO        2024-12-05 08:56:54.342518 EST  play            : TicTacToe (gokaln#0)
INFO        2024-12-05 09:59:48.488162 EST  refresh_dm_game : Refreshing Wordle...
INFO        2024-12-05 09:59:48.959744 EST  refresh_dm_game : Refreshing Tictactoe...
INFO        2024-12-05 09:59:49.133857 EST  update_game     : Wordle waiting 43199 seconds...
INFO        2024-12-05 09:59:49.445473 EST  update_game     : Tictactoe waiting 21599 seconds...
INFO        2024-12-05 10:00:05.443977 EST  play            : TicTacToe (xental_#0)
INFO        2024-12-05 10:00:27.369056 EST  play_wordle     : Wordle 'TYING' (xental_#0)
INFO        2024-12-05 10:01:18.386426 EST  play            : TicTacToe (harleeboy#0)
INFO        2024-12-05 10:01:38.461792 EST  play_wordle     : Wordle 'SPOOF' (harleeboy#0)
INFO        2024-12-05 10:02:51.061214 EST  play_wordle     : Wordle 'MARRY' (gokaln#0)
INFO        2024-12-05 10:08:16.464583 EST  play            : TicTacToe (gokaln#0)
INFO        2024-12-05 10:33:17.171025 EST  play            : TicTacToe (cake2004#0)
INFO        2024-12-05 10:33:19.849389 EST  play_wordle     : Wordle 'PILOT' (cake2004#0)
57:01.834569 EST  received_message : Shard ID None has successfully RESUMED session 3217d2e56e5b9113c1b60ac252ad35f3.
.717081 EST  game            : Unscramble 'vanilla citadel' #𝖪𝗂𝗍𝗆𝖺𝗉-𝖢𝗁𝖺𝗍
INFO        2024-12-05 09:30:48.771393 EST  game            : Flag Guesser 'Jamaica' #𝖪𝗂𝗍𝗆𝖺𝗉-𝖢𝗁𝖺𝗍
INFO        2024-12-05 10:04:48.783586 EST  game            : Flag Guesser 'Guadeloupe' #𝖪𝗂𝗍𝗆𝖺𝗉-𝖢𝗁𝖺𝗍
